2021/01/20 21:48:49 [error] [php] require_once(C:\xampp\htdocs\mini-clinic\protected\controllers/../lib/mpdf7/vendor/autoload.php): failed to open stream: No such file or directory (C:\xampp\htdocs\mini-clinic\protected\controllers\OrdersController.php:338)
Stack trace:
#0 C:\xampp\htdocs\mini-clinic\framework\web\actions\CAction.php(108): ReflectionMethod->invokeArgs()
#1 C:\xampp\htdocs\mini-clinic\framework\web\actions\CInlineAction.php(47): CInlineAction->runWithParamsInternal()
#2 C:\xampp\htdocs\mini-clinic\framework\web\CController.php(308): CInlineAction->runWithParams()
#3 C:\xampp\htdocs\mini-clinic\framework\web\filters\CFilterChain.php(133): OrdersController->runAction()
#4 C:\xampp\htdocs\mini-clinic\framework\web\filters\CFilter.php(40): CFilterChain->run()
#5 C:\xampp\htdocs\mini-clinic\framework\web\CController.php(1145): CAccessControlFilter->filter()
#6 C:\xampp\htdocs\mini-clinic\framework\web\filters\CInlineFilter.php(58): OrdersController->filterAccessControl()
#7 C:\xampp\htdocs\mini-clinic\framework\web\filters\CFilterChain.php(130): CInlineFilter->filter()
#8 C:\xampp\htdocs\mini-clinic\framework\web\CController.php(291): CFilterChain->run()
#9 C:\xampp\htdocs\mini-clinic\framework\web\CController.php(265): OrdersController->runActionWithFilters()
#10 C:\xampp\htdocs\mini-clinic\framework\web\CWebApplication.php(282): OrdersController->run()
#11 C:\xampp\htdocs\mini-clinic\framework\web\CWebApplication.php(141): CWebApplication->runController()
#12 C:\xampp\htdocs\mini-clinic\framework\base\CApplication.php(180): CWebApplication->processRequest()
#13 C:\xampp\htdocs\mini-clinic\index.php(15): CWebApplication->run()
REQUEST_URI=/mini-clinic/index.php?r=orders/print&order_id=0000000004
in C:\xampp\htdocs\mini-clinic\protected\controllers\OrdersController.php (338)
in C:\xampp\htdocs\mini-clinic\protected\controllers\OrdersController.php (338)
in C:\xampp\htdocs\mini-clinic\index.php (15)
2021/01/20 21:48:49 [error] [php] require_once(C:\xampp\htdocs\mini-clinic\protected\controllers/../lib/mpdf7/vendor/autoload.php): failed to open stream: No such file or directory (C:\xampp\htdocs\mini-clinic\protected\controllers\OrdersController.php:338)
Stack trace:
#0 C:\xampp\htdocs\mini-clinic\framework\web\actions\CAction.php(108): ReflectionMethod->invokeArgs()
#1 C:\xampp\htdocs\mini-clinic\framework\web\actions\CInlineAction.php(47): CInlineAction->runWithParamsInternal()
#2 C:\xampp\htdocs\mini-clinic\framework\web\CController.php(308): CInlineAction->runWithParams()
#3 C:\xampp\htdocs\mini-clinic\framework\web\filters\CFilterChain.php(133): OrdersController->runAction()
#4 C:\xampp\htdocs\mini-clinic\framework\web\filters\CFilter.php(40): CFilterChain->run()
#5 C:\xampp\htdocs\mini-clinic\framework\web\CController.php(1145): CAccessControlFilter->filter()
#6 C:\xampp\htdocs\mini-clinic\framework\web\filters\CInlineFilter.php(58): OrdersController->filterAccessControl()
#7 C:\xampp\htdocs\mini-clinic\framework\web\filters\CFilterChain.php(130): CInlineFilter->filter()
#8 C:\xampp\htdocs\mini-clinic\framework\web\CController.php(291): CFilterChain->run()
#9 C:\xampp\htdocs\mini-clinic\framework\web\CController.php(265): OrdersController->runActionWithFilters()
#10 C:\xampp\htdocs\mini-clinic\framework\web\CWebApplication.php(282): OrdersController->run()
#11 C:\xampp\htdocs\mini-clinic\framework\web\CWebApplication.php(141): CWebApplication->runController()
#12 C:\xampp\htdocs\mini-clinic\framework\base\CApplication.php(180): CWebApplication->processRequest()
#13 C:\xampp\htdocs\mini-clinic\index.php(15): CWebApplication->run()
REQUEST_URI=/mini-clinic/index.php?r=orders/print&order_id=0000000004
in C:\xampp\htdocs\mini-clinic\protected\controllers\OrdersController.php (338)
in C:\xampp\htdocs\mini-clinic\protected\controllers\OrdersController.php (338)
in C:\xampp\htdocs\mini-clinic\index.php (15)
2021/01/20 21:48:50 [error] [php] require_once(C:\xampp\htdocs\mini-clinic\protected\controllers/../lib/mpdf7/vendor/autoload.php): failed to open stream: No such file or directory (C:\xampp\htdocs\mini-clinic\protected\controllers\OrdersController.php:338)
Stack trace:
#0 C:\xampp\htdocs\mini-clinic\framework\web\actions\CAction.php(108): ReflectionMethod->invokeArgs()
#1 C:\xampp\htdocs\mini-clinic\framework\web\actions\CInlineAction.php(47): CInlineAction->runWithParamsInternal()
#2 C:\xampp\htdocs\mini-clinic\framework\web\CController.php(308): CInlineAction->runWithParams()
#3 C:\xampp\htdocs\mini-clinic\framework\web\filters\CFilterChain.php(133): OrdersController->runAction()
#4 C:\xampp\htdocs\mini-clinic\framework\web\filters\CFilter.php(40): CFilterChain->run()
#5 C:\xampp\htdocs\mini-clinic\framework\web\CController.php(1145): CAccessControlFilter->filter()
#6 C:\xampp\htdocs\mini-clinic\framework\web\filters\CInlineFilter.php(58): OrdersController->filterAccessControl()
#7 C:\xampp\htdocs\mini-clinic\framework\web\filters\CFilterChain.php(130): CInlineFilter->filter()
#8 C:\xampp\htdocs\mini-clinic\framework\web\CController.php(291): CFilterChain->run()
#9 C:\xampp\htdocs\mini-clinic\framework\web\CController.php(265): OrdersController->runActionWithFilters()
#10 C:\xampp\htdocs\mini-clinic\framework\web\CWebApplication.php(282): OrdersController->run()
#11 C:\xampp\htdocs\mini-clinic\framework\web\CWebApplication.php(141): CWebApplication->runController()
#12 C:\xampp\htdocs\mini-clinic\framework\base\CApplication.php(180): CWebApplication->processRequest()
#13 C:\xampp\htdocs\mini-clinic\index.php(15): CWebApplication->run()
REQUEST_URI=/mini-clinic/index.php?r=orders/print&order_id=0000000004
in C:\xampp\htdocs\mini-clinic\protected\controllers\OrdersController.php (338)
in C:\xampp\htdocs\mini-clinic\protected\controllers\OrdersController.php (338)
in C:\xampp\htdocs\mini-clinic\index.php (15)
2021/01/20 21:49:00 [error] [php] require_once(C:\xampp\htdocs\mini-clinic\protected\controllers/lib/mpdf7/vendor/autoload.php): failed to open stream: No such file or directory (C:\xampp\htdocs\mini-clinic\protected\controllers\OrdersController.php:338)
Stack trace:
#0 C:\xampp\htdocs\mini-clinic\framework\web\actions\CAction.php(108): ReflectionMethod->invokeArgs()
#1 C:\xampp\htdocs\mini-clinic\framework\web\actions\CInlineAction.php(47): CInlineAction->runWithParamsInternal()
#2 C:\xampp\htdocs\mini-clinic\framework\web\CController.php(308): CInlineAction->runWithParams()
#3 C:\xampp\htdocs\mini-clinic\framework\web\filters\CFilterChain.php(133): OrdersController->runAction()
#4 C:\xampp\htdocs\mini-clinic\framework\web\filters\CFilter.php(40): CFilterChain->run()
#5 C:\xampp\htdocs\mini-clinic\framework\web\CController.php(1145): CAccessControlFilter->filter()
#6 C:\xampp\htdocs\mini-clinic\framework\web\filters\CInlineFilter.php(58): OrdersController->filterAccessControl()
#7 C:\xampp\htdocs\mini-clinic\framework\web\filters\CFilterChain.php(130): CInlineFilter->filter()
#8 C:\xampp\htdocs\mini-clinic\framework\web\CController.php(291): CFilterChain->run()
#9 C:\xampp\htdocs\mini-clinic\framework\web\CController.php(265): OrdersController->runActionWithFilters()
#10 C:\xampp\htdocs\mini-clinic\framework\web\CWebApplication.php(282): OrdersController->run()
#11 C:\xampp\htdocs\mini-clinic\framework\web\CWebApplication.php(141): CWebApplication->runController()
#12 C:\xampp\htdocs\mini-clinic\framework\base\CApplication.php(180): CWebApplication->processRequest()
#13 C:\xampp\htdocs\mini-clinic\index.php(15): CWebApplication->run()
REQUEST_URI=/mini-clinic/index.php?r=orders/print&order_id=0000000004
in C:\xampp\htdocs\mini-clinic\protected\controllers\OrdersController.php (338)
in C:\xampp\htdocs\mini-clinic\protected\controllers\OrdersController.php (338)
in C:\xampp\htdocs\mini-clinic\index.php (15)
2021/01/20 21:49:01 [error] [php] require_once(C:\xampp\htdocs\mini-clinic\protected\controllers/lib/mpdf7/vendor/autoload.php): failed to open stream: No such file or directory (C:\xampp\htdocs\mini-clinic\protected\controllers\OrdersController.php:338)
Stack trace:
#0 C:\xampp\htdocs\mini-clinic\framework\web\actions\CAction.php(108): ReflectionMethod->invokeArgs()
#1 C:\xampp\htdocs\mini-clinic\framework\web\actions\CInlineAction.php(47): CInlineAction->runWithParamsInternal()
#2 C:\xampp\htdocs\mini-clinic\framework\web\CController.php(308): CInlineAction->runWithParams()
#3 C:\xampp\htdocs\mini-clinic\framework\web\filters\CFilterChain.php(133): OrdersController->runAction()
#4 C:\xampp\htdocs\mini-clinic\framework\web\filters\CFilter.php(40): CFilterChain->run()
#5 C:\xampp\htdocs\mini-clinic\framework\web\CController.php(1145): CAccessControlFilter->filter()
#6 C:\xampp\htdocs\mini-clinic\framework\web\filters\CInlineFilter.php(58): OrdersController->filterAccessControl()
#7 C:\xampp\htdocs\mini-clinic\framework\web\filters\CFilterChain.php(130): CInlineFilter->filter()
#8 C:\xampp\htdocs\mini-clinic\framework\web\CController.php(291): CFilterChain->run()
#9 C:\xampp\htdocs\mini-clinic\framework\web\CController.php(265): OrdersController->runActionWithFilters()
#10 C:\xampp\htdocs\mini-clinic\framework\web\CWebApplication.php(282): OrdersController->run()
#11 C:\xampp\htdocs\mini-clinic\framework\web\CWebApplication.php(141): CWebApplication->runController()
#12 C:\xampp\htdocs\mini-clinic\framework\base\CApplication.php(180): CWebApplication->processRequest()
#13 C:\xampp\htdocs\mini-clinic\index.php(15): CWebApplication->run()
REQUEST_URI=/mini-clinic/index.php?r=orders/print&order_id=0000000004
in C:\xampp\htdocs\mini-clinic\protected\controllers\OrdersController.php (338)
in C:\xampp\htdocs\mini-clinic\protected\controllers\OrdersController.php (338)
in C:\xampp\htdocs\mini-clinic\index.php (15)
2021/01/20 21:49:01 [error] [php] require_once(C:\xampp\htdocs\mini-clinic\protected\controllers/lib/mpdf7/vendor/autoload.php): failed to open stream: No such file or directory (C:\xampp\htdocs\mini-clinic\protected\controllers\OrdersController.php:338)
Stack trace:
#0 C:\xampp\htdocs\mini-clinic\framework\web\actions\CAction.php(108): ReflectionMethod->invokeArgs()
#1 C:\xampp\htdocs\mini-clinic\framework\web\actions\CInlineAction.php(47): CInlineAction->runWithParamsInternal()
#2 C:\xampp\htdocs\mini-clinic\framework\web\CController.php(308): CInlineAction->runWithParams()
#3 C:\xampp\htdocs\mini-clinic\framework\web\filters\CFilterChain.php(133): OrdersController->runAction()
#4 C:\xampp\htdocs\mini-clinic\framework\web\filters\CFilter.php(40): CFilterChain->run()
#5 C:\xampp\htdocs\mini-clinic\framework\web\CController.php(1145): CAccessControlFilter->filter()
#6 C:\xampp\htdocs\mini-clinic\framework\web\filters\CInlineFilter.php(58): OrdersController->filterAccessControl()
#7 C:\xampp\htdocs\mini-clinic\framework\web\filters\CFilterChain.php(130): CInlineFilter->filter()
#8 C:\xampp\htdocs\mini-clinic\framework\web\CController.php(291): CFilterChain->run()
#9 C:\xampp\htdocs\mini-clinic\framework\web\CController.php(265): OrdersController->runActionWithFilters()
#10 C:\xampp\htdocs\mini-clinic\framework\web\CWebApplication.php(282): OrdersController->run()
#11 C:\xampp\htdocs\mini-clinic\framework\web\CWebApplication.php(141): CWebApplication->runController()
#12 C:\xampp\htdocs\mini-clinic\framework\base\CApplication.php(180): CWebApplication->processRequest()
#13 C:\xampp\htdocs\mini-clinic\index.php(15): CWebApplication->run()
REQUEST_URI=/mini-clinic/index.php?r=orders/print&order_id=0000000004
in C:\xampp\htdocs\mini-clinic\protected\controllers\OrdersController.php (338)
in C:\xampp\htdocs\mini-clinic\protected\controllers\OrdersController.php (338)
in C:\xampp\htdocs\mini-clinic\index.php (15)
2021/01/20 21:49:02 [error] [php] require_once(C:\xampp\htdocs\mini-clinic\protected\controllers/lib/mpdf7/vendor/autoload.php): failed to open stream: No such file or directory (C:\xampp\htdocs\mini-clinic\protected\controllers\OrdersController.php:338)
Stack trace:
#0 C:\xampp\htdocs\mini-clinic\framework\web\actions\CAction.php(108): ReflectionMethod->invokeArgs()
#1 C:\xampp\htdocs\mini-clinic\framework\web\actions\CInlineAction.php(47): CInlineAction->runWithParamsInternal()
#2 C:\xampp\htdocs\mini-clinic\framework\web\CController.php(308): CInlineAction->runWithParams()
#3 C:\xampp\htdocs\mini-clinic\framework\web\filters\CFilterChain.php(133): OrdersController->runAction()
#4 C:\xampp\htdocs\mini-clinic\framework\web\filters\CFilter.php(40): CFilterChain->run()
#5 C:\xampp\htdocs\mini-clinic\framework\web\CController.php(1145): CAccessControlFilter->filter()
#6 C:\xampp\htdocs\mini-clinic\framework\web\filters\CInlineFilter.php(58): OrdersController->filterAccessControl()
#7 C:\xampp\htdocs\mini-clinic\framework\web\filters\CFilterChain.php(130): CInlineFilter->filter()
#8 C:\xampp\htdocs\mini-clinic\framework\web\CController.php(291): CFilterChain->run()
#9 C:\xampp\htdocs\mini-clinic\framework\web\CController.php(265): OrdersController->runActionWithFilters()
#10 C:\xampp\htdocs\mini-clinic\framework\web\CWebApplication.php(282): OrdersController->run()
#11 C:\xampp\htdocs\mini-clinic\framework\web\CWebApplication.php(141): CWebApplication->runController()
#12 C:\xampp\htdocs\mini-clinic\framework\base\CApplication.php(180): CWebApplication->processRequest()
#13 C:\xampp\htdocs\mini-clinic\index.php(15): CWebApplication->run()
REQUEST_URI=/mini-clinic/index.php?r=orders/print&order_id=0000000004
in C:\xampp\htdocs\mini-clinic\protected\controllers\OrdersController.php (338)
in C:\xampp\htdocs\mini-clinic\protected\controllers\OrdersController.php (338)
in C:\xampp\htdocs\mini-clinic\index.php (15)
2021/01/20 21:49:10 [error] [php] require_once(C:\xampp\htdocs\mini-clinic\protected\controllers/mpdf7/vendor/autoload.php): failed to open stream: No such file or directory (C:\xampp\htdocs\mini-clinic\protected\controllers\OrdersController.php:338)
Stack trace:
#0 C:\xampp\htdocs\mini-clinic\framework\web\actions\CAction.php(108): ReflectionMethod->invokeArgs()
#1 C:\xampp\htdocs\mini-clinic\framework\web\actions\CInlineAction.php(47): CInlineAction->runWithParamsInternal()
#2 C:\xampp\htdocs\mini-clinic\framework\web\CController.php(308): CInlineAction->runWithParams()
#3 C:\xampp\htdocs\mini-clinic\framework\web\filters\CFilterChain.php(133): OrdersController->runAction()
#4 C:\xampp\htdocs\mini-clinic\framework\web\filters\CFilter.php(40): CFilterChain->run()
#5 C:\xampp\htdocs\mini-clinic\framework\web\CController.php(1145): CAccessControlFilter->filter()
#6 C:\xampp\htdocs\mini-clinic\framework\web\filters\CInlineFilter.php(58): OrdersController->filterAccessControl()
#7 C:\xampp\htdocs\mini-clinic\framework\web\filters\CFilterChain.php(130): CInlineFilter->filter()
#8 C:\xampp\htdocs\mini-clinic\framework\web\CController.php(291): CFilterChain->run()
#9 C:\xampp\htdocs\mini-clinic\framework\web\CController.php(265): OrdersController->runActionWithFilters()
#10 C:\xampp\htdocs\mini-clinic\framework\web\CWebApplication.php(282): OrdersController->run()
#11 C:\xampp\htdocs\mini-clinic\framework\web\CWebApplication.php(141): CWebApplication->runController()
#12 C:\xampp\htdocs\mini-clinic\framework\base\CApplication.php(180): CWebApplication->processRequest()
#13 C:\xampp\htdocs\mini-clinic\index.php(15): CWebApplication->run()
REQUEST_URI=/mini-clinic/index.php?r=orders/print&order_id=0000000004
in C:\xampp\htdocs\mini-clinic\protected\controllers\OrdersController.php (338)
in C:\xampp\htdocs\mini-clinic\protected\controllers\OrdersController.php (338)
in C:\xampp\htdocs\mini-clinic\index.php (15)
2021/01/20 21:49:11 [error] [php] require_once(C:\xampp\htdocs\mini-clinic\protected\controllers/mpdf7/vendor/autoload.php): failed to open stream: No such file or directory (C:\xampp\htdocs\mini-clinic\protected\controllers\OrdersController.php:338)
Stack trace:
#0 C:\xampp\htdocs\mini-clinic\framework\web\actions\CAction.php(108): ReflectionMethod->invokeArgs()
#1 C:\xampp\htdocs\mini-clinic\framework\web\actions\CInlineAction.php(47): CInlineAction->runWithParamsInternal()
#2 C:\xampp\htdocs\mini-clinic\framework\web\CController.php(308): CInlineAction->runWithParams()
#3 C:\xampp\htdocs\mini-clinic\framework\web\filters\CFilterChain.php(133): OrdersController->runAction()
#4 C:\xampp\htdocs\mini-clinic\framework\web\filters\CFilter.php(40): CFilterChain->run()
#5 C:\xampp\htdocs\mini-clinic\framework\web\CController.php(1145): CAccessControlFilter->filter()
#6 C:\xampp\htdocs\mini-clinic\framework\web\filters\CInlineFilter.php(58): OrdersController->filterAccessControl()
#7 C:\xampp\htdocs\mini-clinic\framework\web\filters\CFilterChain.php(130): CInlineFilter->filter()
#8 C:\xampp\htdocs\mini-clinic\framework\web\CController.php(291): CFilterChain->run()
#9 C:\xampp\htdocs\mini-clinic\framework\web\CController.php(265): OrdersController->runActionWithFilters()
#10 C:\xampp\htdocs\mini-clinic\framework\web\CWebApplication.php(282): OrdersController->run()
#11 C:\xampp\htdocs\mini-clinic\framework\web\CWebApplication.php(141): CWebApplication->runController()
#12 C:\xampp\htdocs\mini-clinic\framework\base\CApplication.php(180): CWebApplication->processRequest()
#13 C:\xampp\htdocs\mini-clinic\index.php(15): CWebApplication->run()
REQUEST_URI=/mini-clinic/index.php?r=orders/print&order_id=0000000004
in C:\xampp\htdocs\mini-clinic\protected\controllers\OrdersController.php (338)
in C:\xampp\htdocs\mini-clinic\protected\controllers\OrdersController.php (338)
in C:\xampp\htdocs\mini-clinic\index.php (15)
2021/01/20 21:49:11 [error] [php] require_once(C:\xampp\htdocs\mini-clinic\protected\controllers/mpdf7/vendor/autoload.php): failed to open stream: No such file or directory (C:\xampp\htdocs\mini-clinic\protected\controllers\OrdersController.php:338)
Stack trace:
#0 C:\xampp\htdocs\mini-clinic\framework\web\actions\CAction.php(108): ReflectionMethod->invokeArgs()
#1 C:\xampp\htdocs\mini-clinic\framework\web\actions\CInlineAction.php(47): CInlineAction->runWithParamsInternal()
#2 C:\xampp\htdocs\mini-clinic\framework\web\CController.php(308): CInlineAction->runWithParams()
#3 C:\xampp\htdocs\mini-clinic\framework\web\filters\CFilterChain.php(133): OrdersController->runAction()
#4 C:\xampp\htdocs\mini-clinic\framework\web\filters\CFilter.php(40): CFilterChain->run()
#5 C:\xampp\htdocs\mini-clinic\framework\web\CController.php(1145): CAccessControlFilter->filter()
#6 C:\xampp\htdocs\mini-clinic\framework\web\filters\CInlineFilter.php(58): OrdersController->filterAccessControl()
#7 C:\xampp\htdocs\mini-clinic\framework\web\filters\CFilterChain.php(130): CInlineFilter->filter()
#8 C:\xampp\htdocs\mini-clinic\framework\web\CController.php(291): CFilterChain->run()
#9 C:\xampp\htdocs\mini-clinic\framework\web\CController.php(265): OrdersController->runActionWithFilters()
#10 C:\xampp\htdocs\mini-clinic\framework\web\CWebApplication.php(282): OrdersController->run()
#11 C:\xampp\htdocs\mini-clinic\framework\web\CWebApplication.php(141): CWebApplication->runController()
#12 C:\xampp\htdocs\mini-clinic\framework\base\CApplication.php(180): CWebApplication->processRequest()
#13 C:\xampp\htdocs\mini-clinic\index.php(15): CWebApplication->run()
REQUEST_URI=/mini-clinic/index.php?r=orders/print&order_id=0000000004
in C:\xampp\htdocs\mini-clinic\protected\controllers\OrdersController.php (338)
in C:\xampp\htdocs\mini-clinic\protected\controllers\OrdersController.php (338)
in C:\xampp\htdocs\mini-clinic\index.php (15)
2021/01/20 21:49:25 [error] [php] require_once(C:\xampp\htdocs\mini-clinic\protected\controllers\mpdf7\vendor\autoload.php): failed to open stream: No such file or directory (C:\xampp\htdocs\mini-clinic\protected\controllers\OrdersController.php:338)
Stack trace:
#0 C:\xampp\htdocs\mini-clinic\framework\web\actions\CAction.php(108): ReflectionMethod->invokeArgs()
#1 C:\xampp\htdocs\mini-clinic\framework\web\actions\CInlineAction.php(47): CInlineAction->runWithParamsInternal()
#2 C:\xampp\htdocs\mini-clinic\framework\web\CController.php(308): CInlineAction->runWithParams()
#3 C:\xampp\htdocs\mini-clinic\framework\web\filters\CFilterChain.php(133): OrdersController->runAction()
#4 C:\xampp\htdocs\mini-clinic\framework\web\filters\CFilter.php(40): CFilterChain->run()
#5 C:\xampp\htdocs\mini-clinic\framework\web\CController.php(1145): CAccessControlFilter->filter()
#6 C:\xampp\htdocs\mini-clinic\framework\web\filters\CInlineFilter.php(58): OrdersController->filterAccessControl()
#7 C:\xampp\htdocs\mini-clinic\framework\web\filters\CFilterChain.php(130): CInlineFilter->filter()
#8 C:\xampp\htdocs\mini-clinic\framework\web\CController.php(291): CFilterChain->run()
#9 C:\xampp\htdocs\mini-clinic\framework\web\CController.php(265): OrdersController->runActionWithFilters()
#10 C:\xampp\htdocs\mini-clinic\framework\web\CWebApplication.php(282): OrdersController->run()
#11 C:\xampp\htdocs\mini-clinic\framework\web\CWebApplication.php(141): CWebApplication->runController()
#12 C:\xampp\htdocs\mini-clinic\framework\base\CApplication.php(180): CWebApplication->processRequest()
#13 C:\xampp\htdocs\mini-clinic\index.php(15): CWebApplication->run()
REQUEST_URI=/mini-clinic/index.php?r=orders/print&order_id=0000000004
in C:\xampp\htdocs\mini-clinic\protected\controllers\OrdersController.php (338)
in C:\xampp\htdocs\mini-clinic\protected\controllers\OrdersController.php (338)
in C:\xampp\htdocs\mini-clinic\index.php (15)
2021/01/20 21:49:50 [error] [php] require_once(C:\xampp\htdocs\mini-clinic\protected\controllers\..\mpdf7\vendor\autoload.php): failed to open stream: No such file or directory (C:\xampp\htdocs\mini-clinic\protected\controllers\OrdersController.php:338)
Stack trace:
#0 C:\xampp\htdocs\mini-clinic\framework\web\actions\CAction.php(108): ReflectionMethod->invokeArgs()
#1 C:\xampp\htdocs\mini-clinic\framework\web\actions\CInlineAction.php(47): CInlineAction->runWithParamsInternal()
#2 C:\xampp\htdocs\mini-clinic\framework\web\CController.php(308): CInlineAction->runWithParams()
#3 C:\xampp\htdocs\mini-clinic\framework\web\filters\CFilterChain.php(133): OrdersController->runAction()
#4 C:\xampp\htdocs\mini-clinic\framework\web\filters\CFilter.php(40): CFilterChain->run()
#5 C:\xampp\htdocs\mini-clinic\framework\web\CController.php(1145): CAccessControlFilter->filter()
#6 C:\xampp\htdocs\mini-clinic\framework\web\filters\CInlineFilter.php(58): OrdersController->filterAccessControl()
#7 C:\xampp\htdocs\mini-clinic\framework\web\filters\CFilterChain.php(130): CInlineFilter->filter()
#8 C:\xampp\htdocs\mini-clinic\framework\web\CController.php(291): CFilterChain->run()
#9 C:\xampp\htdocs\mini-clinic\framework\web\CController.php(265): OrdersController->runActionWithFilters()
#10 C:\xampp\htdocs\mini-clinic\framework\web\CWebApplication.php(282): OrdersController->run()
#11 C:\xampp\htdocs\mini-clinic\framework\web\CWebApplication.php(141): CWebApplication->runController()
#12 C:\xampp\htdocs\mini-clinic\framework\base\CApplication.php(180): CWebApplication->processRequest()
#13 C:\xampp\htdocs\mini-clinic\index.php(15): CWebApplication->run()
REQUEST_URI=/mini-clinic/index.php?r=orders/print&order_id=0000000004
in C:\xampp\htdocs\mini-clinic\protected\controllers\OrdersController.php (338)
in C:\xampp\htdocs\mini-clinic\protected\controllers\OrdersController.php (338)
in C:\xampp\htdocs\mini-clinic\index.php (15)
2021/01/20 21:49:51 [error] [php] require_once(C:\xampp\htdocs\mini-clinic\protected\controllers\..\mpdf7\vendor\autoload.php): failed to open stream: No such file or directory (C:\xampp\htdocs\mini-clinic\protected\controllers\OrdersController.php:338)
Stack trace:
#0 C:\xampp\htdocs\mini-clinic\framework\web\actions\CAction.php(108): ReflectionMethod->invokeArgs()
#1 C:\xampp\htdocs\mini-clinic\framework\web\actions\CInlineAction.php(47): CInlineAction->runWithParamsInternal()
#2 C:\xampp\htdocs\mini-clinic\framework\web\CController.php(308): CInlineAction->runWithParams()
#3 C:\xampp\htdocs\mini-clinic\framework\web\filters\CFilterChain.php(133): OrdersController->runAction()
#4 C:\xampp\htdocs\mini-clinic\framework\web\filters\CFilter.php(40): CFilterChain->run()
#5 C:\xampp\htdocs\mini-clinic\framework\web\CController.php(1145): CAccessControlFilter->filter()
#6 C:\xampp\htdocs\mini-clinic\framework\web\filters\CInlineFilter.php(58): OrdersController->filterAccessControl()
#7 C:\xampp\htdocs\mini-clinic\framework\web\filters\CFilterChain.php(130): CInlineFilter->filter()
#8 C:\xampp\htdocs\mini-clinic\framework\web\CController.php(291): CFilterChain->run()
#9 C:\xampp\htdocs\mini-clinic\framework\web\CController.php(265): OrdersController->runActionWithFilters()
#10 C:\xampp\htdocs\mini-clinic\framework\web\CWebApplication.php(282): OrdersController->run()
#11 C:\xampp\htdocs\mini-clinic\framework\web\CWebApplication.php(141): CWebApplication->runController()
#12 C:\xampp\htdocs\mini-clinic\framework\base\CApplication.php(180): CWebApplication->processRequest()
#13 C:\xampp\htdocs\mini-clinic\index.php(15): CWebApplication->run()
REQUEST_URI=/mini-clinic/index.php?r=orders/print&order_id=0000000004
in C:\xampp\htdocs\mini-clinic\protected\controllers\OrdersController.php (338)
in C:\xampp\htdocs\mini-clinic\protected\controllers\OrdersController.php (338)
in C:\xampp\htdocs\mini-clinic\index.php (15)
2021/01/20 21:50:02 [error] [php] require_once(C:\xampp\htdocs\mini-clinic\protected\controllers\..\mpdf7\vendor\autoload.php): failed to open stream: No such file or directory (C:\xampp\htdocs\mini-clinic\protected\controllers\OrdersController.php:338)
Stack trace:
#0 C:\xampp\htdocs\mini-clinic\framework\web\actions\CAction.php(108): ReflectionMethod->invokeArgs()
#1 C:\xampp\htdocs\mini-clinic\framework\web\actions\CInlineAction.php(47): CInlineAction->runWithParamsInternal()
#2 C:\xampp\htdocs\mini-clinic\framework\web\CController.php(308): CInlineAction->runWithParams()
#3 C:\xampp\htdocs\mini-clinic\framework\web\filters\CFilterChain.php(133): OrdersController->runAction()
#4 C:\xampp\htdocs\mini-clinic\framework\web\filters\CFilter.php(40): CFilterChain->run()
#5 C:\xampp\htdocs\mini-clinic\framework\web\CController.php(1145): CAccessControlFilter->filter()
#6 C:\xampp\htdocs\mini-clinic\framework\web\filters\CInlineFilter.php(58): OrdersController->filterAccessControl()
#7 C:\xampp\htdocs\mini-clinic\framework\web\filters\CFilterChain.php(130): CInlineFilter->filter()
#8 C:\xampp\htdocs\mini-clinic\framework\web\CController.php(291): CFilterChain->run()
#9 C:\xampp\htdocs\mini-clinic\framework\web\CController.php(265): OrdersController->runActionWithFilters()
#10 C:\xampp\htdocs\mini-clinic\framework\web\CWebApplication.php(282): OrdersController->run()
#11 C:\xampp\htdocs\mini-clinic\framework\web\CWebApplication.php(141): CWebApplication->runController()
#12 C:\xampp\htdocs\mini-clinic\framework\base\CApplication.php(180): CWebApplication->processRequest()
#13 C:\xampp\htdocs\mini-clinic\index.php(15): CWebApplication->run()
REQUEST_URI=/mini-clinic/index.php?r=orders/print&order_id=0000000004
in C:\xampp\htdocs\mini-clinic\protected\controllers\OrdersController.php (338)
in C:\xampp\htdocs\mini-clinic\protected\controllers\OrdersController.php (338)
in C:\xampp\htdocs\mini-clinic\index.php (15)
2021/01/20 21:53:10 [error] [exception.Error] Error: Class 'Mpdf\Mpdf' not found in C:\xampp\htdocs\mini-clinic\protected\controllers\OrdersController.php:339
Stack trace:
#0 [internal function]: OrdersController->actionPrint('0000000004')
#1 C:\xampp\htdocs\mini-clinic\framework\web\actions\CAction.php(108): ReflectionMethod->invokeArgs(Object(OrdersController), Array)
#2 C:\xampp\htdocs\mini-clinic\framework\web\actions\CInlineAction.php(47): CAction->runWithParamsInternal(Object(OrdersController), Object(ReflectionMethod), Array)
#3 C:\xampp\htdocs\mini-clinic\framework\web\CController.php(308): CInlineAction->runWithParams(Array)
#4 C:\xampp\htdocs\mini-clinic\framework\web\filters\CFilterChain.php(133): CController->runAction(Object(CInlineAction))
#5 C:\xampp\htdocs\mini-clinic\framework\web\filters\CFilter.php(40): CFilterChain->run()
#6 C:\xampp\htdocs\mini-clinic\framework\web\CController.php(1145): CFilter->filter(Object(CFilterChain))
#7 C:\xampp\htdocs\mini-clinic\framework\web\filters\CInlineFilter.php(58): CController->filterAccessControl(Object(CFilterChain))
#8 C:\xampp\htdocs\mini-clinic\framework\web\filters\CFilterChain.php(130): CInlineFilter->filter(Object(CFilterChain))
#9 C:\xampp\htdocs\mini-clinic\framework\web\CController.php(291): CFilterChain->run()
#10 C:\xampp\htdocs\mini-clinic\framework\web\CController.php(265): CController->runActionWithFilters(Object(CInlineAction), Array)
#11 C:\xampp\htdocs\mini-clinic\framework\web\CWebApplication.php(282): CController->run('print')
#12 C:\xampp\htdocs\mini-clinic\framework\web\CWebApplication.php(141): CWebApplication->runController('orders/print')
#13 C:\xampp\htdocs\mini-clinic\framework\base\CApplication.php(180): CWebApplication->processRequest()
#14 C:\xampp\htdocs\mini-clinic\index.php(16): CApplication->run()
#15 {main}
REQUEST_URI=/mini-clinic/index.php?r=orders/print&order_id=0000000004
HTTP_REFERER=http://localhost/mini-clinic/index.php?r=orders/view&order_id=0000000004
---
2021/01/20 21:53:44 [error] [php] include(Mpdf.php): failed to open stream: No such file or directory (C:\xampp\htdocs\mini-clinic\framework\YiiBase.php:427)
Stack trace:
#0 C:\xampp\htdocs\mini-clinic\protected\controllers\OrdersController.php(341): spl_autoload_call()
#1 unknown(0): OrdersController->actionPrint()
#2 C:\xampp\htdocs\mini-clinic\framework\web\actions\CAction.php(108): ReflectionMethod->invokeArgs()
#3 C:\xampp\htdocs\mini-clinic\framework\web\actions\CInlineAction.php(47): CInlineAction->runWithParamsInternal()
#4 C:\xampp\htdocs\mini-clinic\framework\web\CController.php(308): CInlineAction->runWithParams()
#5 C:\xampp\htdocs\mini-clinic\framework\web\filters\CFilterChain.php(133): OrdersController->runAction()
#6 C:\xampp\htdocs\mini-clinic\framework\web\filters\CFilter.php(40): CFilterChain->run()
#7 C:\xampp\htdocs\mini-clinic\framework\web\CController.php(1145): CAccessControlFilter->filter()
#8 C:\xampp\htdocs\mini-clinic\framework\web\filters\CInlineFilter.php(58): OrdersController->filterAccessControl()
#9 C:\xampp\htdocs\mini-clinic\framework\web\filters\CFilterChain.php(130): CInlineFilter->filter()
#10 C:\xampp\htdocs\mini-clinic\framework\web\CController.php(291): CFilterChain->run()
#11 C:\xampp\htdocs\mini-clinic\framework\web\CController.php(265): OrdersController->runActionWithFilters()
#12 C:\xampp\htdocs\mini-clinic\framework\web\CWebApplication.php(282): OrdersController->run()
#13 C:\xampp\htdocs\mini-clinic\framework\web\CWebApplication.php(141): CWebApplication->runController()
#14 C:\xampp\htdocs\mini-clinic\framework\base\CApplication.php(180): CWebApplication->processRequest()
#15 C:\xampp\htdocs\mini-clinic\index.php(16): CWebApplication->run()
REQUEST_URI=/mini-clinic/index.php?r=orders/print&order_id=0000000004
in C:\xampp\htdocs\mini-clinic\protected\controllers\OrdersController.php (341)
in C:\xampp\htdocs\mini-clinic\index.php (16)
2021/01/20 21:54:43 [error] [exception.Error] Error: Class 'Mpdf\Mpdf' not found in C:\xampp\htdocs\mini-clinic\protected\controllers\OrdersController.php:341
Stack trace:
#0 [internal function]: OrdersController->actionPrint('0000000004')
#1 C:\xampp\htdocs\mini-clinic\framework\web\actions\CAction.php(108): ReflectionMethod->invokeArgs(Object(OrdersController), Array)
#2 C:\xampp\htdocs\mini-clinic\framework\web\actions\CInlineAction.php(47): CAction->runWithParamsInternal(Object(OrdersController), Object(ReflectionMethod), Array)
#3 C:\xampp\htdocs\mini-clinic\framework\web\CController.php(308): CInlineAction->runWithParams(Array)
#4 C:\xampp\htdocs\mini-clinic\framework\web\filters\CFilterChain.php(133): CController->runAction(Object(CInlineAction))
#5 C:\xampp\htdocs\mini-clinic\framework\web\filters\CFilter.php(40): CFilterChain->run()
#6 C:\xampp\htdocs\mini-clinic\framework\web\CController.php(1145): CFilter->filter(Object(CFilterChain))
#7 C:\xampp\htdocs\mini-clinic\framework\web\filters\CInlineFilter.php(58): CController->filterAccessControl(Object(CFilterChain))
#8 C:\xampp\htdocs\mini-clinic\framework\web\filters\CFilterChain.php(130): CInlineFilter->filter(Object(CFilterChain))
#9 C:\xampp\htdocs\mini-clinic\framework\web\CController.php(291): CFilterChain->run()
#10 C:\xampp\htdocs\mini-clinic\framework\web\CController.php(265): CController->runActionWithFilters(Object(CInlineAction), Array)
#11 C:\xampp\htdocs\mini-clinic\framework\web\CWebApplication.php(282): CController->run('print')
#12 C:\xampp\htdocs\mini-clinic\framework\web\CWebApplication.php(141): CWebApplication->runController('orders/print')
#13 C:\xampp\htdocs\mini-clinic\framework\base\CApplication.php(180): CWebApplication->processRequest()
#14 C:\xampp\htdocs\mini-clinic\index.php(16): CApplication->run()
#15 {main}
REQUEST_URI=/mini-clinic/index.php?r=orders/print&order_id=0000000004
HTTP_REFERER=http://localhost/mini-clinic/index.php?r=orders/view&order_id=0000000004
---
2021/01/20 21:54:51 [error] [exception.Error] Error: Class 'Mpdf\Mpdf' not found in C:\xampp\htdocs\mini-clinic\protected\controllers\OrdersController.php:341
Stack trace:
#0 [internal function]: OrdersController->actionPrint('0000000004')
#1 C:\xampp\htdocs\mini-clinic\framework\web\actions\CAction.php(108): ReflectionMethod->invokeArgs(Object(OrdersController), Array)
#2 C:\xampp\htdocs\mini-clinic\framework\web\actions\CInlineAction.php(47): CAction->runWithParamsInternal(Object(OrdersController), Object(ReflectionMethod), Array)
#3 C:\xampp\htdocs\mini-clinic\framework\web\CController.php(308): CInlineAction->runWithParams(Array)
#4 C:\xampp\htdocs\mini-clinic\framework\web\filters\CFilterChain.php(133): CController->runAction(Object(CInlineAction))
#5 C:\xampp\htdocs\mini-clinic\framework\web\filters\CFilter.php(40): CFilterChain->run()
#6 C:\xampp\htdocs\mini-clinic\framework\web\CController.php(1145): CFilter->filter(Object(CFilterChain))
#7 C:\xampp\htdocs\mini-clinic\framework\web\filters\CInlineFilter.php(58): CController->filterAccessControl(Object(CFilterChain))
#8 C:\xampp\htdocs\mini-clinic\framework\web\filters\CFilterChain.php(130): CInlineFilter->filter(Object(CFilterChain))
#9 C:\xampp\htdocs\mini-clinic\framework\web\CController.php(291): CFilterChain->run()
#10 C:\xampp\htdocs\mini-clinic\framework\web\CController.php(265): CController->runActionWithFilters(Object(CInlineAction), Array)
#11 C:\xampp\htdocs\mini-clinic\framework\web\CWebApplication.php(282): CController->run('print')
#12 C:\xampp\htdocs\mini-clinic\framework\web\CWebApplication.php(141): CWebApplication->runController('orders/print')
#13 C:\xampp\htdocs\mini-clinic\framework\base\CApplication.php(180): CWebApplication->processRequest()
#14 C:\xampp\htdocs\mini-clinic\index.php(16): CApplication->run()
#15 {main}
REQUEST_URI=/mini-clinic/index.php?r=orders/print&order_id=0000000004
HTTP_REFERER=http://localhost/mini-clinic/index.php?r=orders/view&order_id=0000000004
---
2021/01/20 21:54:51 [error] [exception.Error] Error: Class 'Mpdf\Mpdf' not found in C:\xampp\htdocs\mini-clinic\protected\controllers\OrdersController.php:341
Stack trace:
#0 [internal function]: OrdersController->actionPrint('0000000004')
#1 C:\xampp\htdocs\mini-clinic\framework\web\actions\CAction.php(108): ReflectionMethod->invokeArgs(Object(OrdersController), Array)
#2 C:\xampp\htdocs\mini-clinic\framework\web\actions\CInlineAction.php(47): CAction->runWithParamsInternal(Object(OrdersController), Object(ReflectionMethod), Array)
#3 C:\xampp\htdocs\mini-clinic\framework\web\CController.php(308): CInlineAction->runWithParams(Array)
#4 C:\xampp\htdocs\mini-clinic\framework\web\filters\CFilterChain.php(133): CController->runAction(Object(CInlineAction))
#5 C:\xampp\htdocs\mini-clinic\framework\web\filters\CFilter.php(40): CFilterChain->run()
#6 C:\xampp\htdocs\mini-clinic\framework\web\CController.php(1145): CFilter->filter(Object(CFilterChain))
#7 C:\xampp\htdocs\mini-clinic\framework\web\filters\CInlineFilter.php(58): CController->filterAccessControl(Object(CFilterChain))
#8 C:\xampp\htdocs\mini-clinic\framework\web\filters\CFilterChain.php(130): CInlineFilter->filter(Object(CFilterChain))
#9 C:\xampp\htdocs\mini-clinic\framework\web\CController.php(291): CFilterChain->run()
#10 C:\xampp\htdocs\mini-clinic\framework\web\CController.php(265): CController->runActionWithFilters(Object(CInlineAction), Array)
#11 C:\xampp\htdocs\mini-clinic\framework\web\CWebApplication.php(282): CController->run('print')
#12 C:\xampp\htdocs\mini-clinic\framework\web\CWebApplication.php(141): CWebApplication->runController('orders/print')
#13 C:\xampp\htdocs\mini-clinic\framework\base\CApplication.php(180): CWebApplication->processRequest()
#14 C:\xampp\htdocs\mini-clinic\index.php(16): CApplication->run()
#15 {main}
REQUEST_URI=/mini-clinic/index.php?r=orders/print&order_id=0000000004
HTTP_REFERER=http://localhost/mini-clinic/index.php?r=orders/view&order_id=0000000004
---
2021/01/20 21:55:12 [error] [exception.Error] Error: Class 'Mpdf\Mpdf' not found in C:\xampp\htdocs\mini-clinic\protected\controllers\OrdersController.php:341
Stack trace:
#0 [internal function]: OrdersController->actionPrint('0000000004')
#1 C:\xampp\htdocs\mini-clinic\framework\web\actions\CAction.php(108): ReflectionMethod->invokeArgs(Object(OrdersController), Array)
#2 C:\xampp\htdocs\mini-clinic\framework\web\actions\CInlineAction.php(47): CAction->runWithParamsInternal(Object(OrdersController), Object(ReflectionMethod), Array)
#3 C:\xampp\htdocs\mini-clinic\framework\web\CController.php(308): CInlineAction->runWithParams(Array)
#4 C:\xampp\htdocs\mini-clinic\framework\web\filters\CFilterChain.php(133): CController->runAction(Object(CInlineAction))
#5 C:\xampp\htdocs\mini-clinic\framework\web\filters\CFilter.php(40): CFilterChain->run()
#6 C:\xampp\htdocs\mini-clinic\framework\web\CController.php(1145): CFilter->filter(Object(CFilterChain))
#7 C:\xampp\htdocs\mini-clinic\framework\web\filters\CInlineFilter.php(58): CController->filterAccessControl(Object(CFilterChain))
#8 C:\xampp\htdocs\mini-clinic\framework\web\filters\CFilterChain.php(130): CInlineFilter->filter(Object(CFilterChain))
#9 C:\xampp\htdocs\mini-clinic\framework\web\CController.php(291): CFilterChain->run()
#10 C:\xampp\htdocs\mini-clinic\framework\web\CController.php(265): CController->runActionWithFilters(Object(CInlineAction), Array)
#11 C:\xampp\htdocs\mini-clinic\framework\web\CWebApplication.php(282): CController->run('print')
#12 C:\xampp\htdocs\mini-clinic\framework\web\CWebApplication.php(141): CWebApplication->runController('orders/print')
#13 C:\xampp\htdocs\mini-clinic\framework\base\CApplication.php(180): CWebApplication->processRequest()
#14 C:\xampp\htdocs\mini-clinic\index.php(15): CApplication->run()
#15 {main}
REQUEST_URI=/mini-clinic/index.php?r=orders/print&order_id=0000000004
HTTP_REFERER=http://localhost/mini-clinic/index.php?r=orders/view&order_id=0000000004
---
2021/01/20 21:55:13 [error] [exception.Error] Error: Class 'Mpdf\Mpdf' not found in C:\xampp\htdocs\mini-clinic\protected\controllers\OrdersController.php:341
Stack trace:
#0 [internal function]: OrdersController->actionPrint('0000000004')
#1 C:\xampp\htdocs\mini-clinic\framework\web\actions\CAction.php(108): ReflectionMethod->invokeArgs(Object(OrdersController), Array)
#2 C:\xampp\htdocs\mini-clinic\framework\web\actions\CInlineAction.php(47): CAction->runWithParamsInternal(Object(OrdersController), Object(ReflectionMethod), Array)
#3 C:\xampp\htdocs\mini-clinic\framework\web\CController.php(308): CInlineAction->runWithParams(Array)
#4 C:\xampp\htdocs\mini-clinic\framework\web\filters\CFilterChain.php(133): CController->runAction(Object(CInlineAction))
#5 C:\xampp\htdocs\mini-clinic\framework\web\filters\CFilter.php(40): CFilterChain->run()
#6 C:\xampp\htdocs\mini-clinic\framework\web\CController.php(1145): CFilter->filter(Object(CFilterChain))
#7 C:\xampp\htdocs\mini-clinic\framework\web\filters\CInlineFilter.php(58): CController->filterAccessControl(Object(CFilterChain))
#8 C:\xampp\htdocs\mini-clinic\framework\web\filters\CFilterChain.php(130): CInlineFilter->filter(Object(CFilterChain))
#9 C:\xampp\htdocs\mini-clinic\framework\web\CController.php(291): CFilterChain->run()
#10 C:\xampp\htdocs\mini-clinic\framework\web\CController.php(265): CController->runActionWithFilters(Object(CInlineAction), Array)
#11 C:\xampp\htdocs\mini-clinic\framework\web\CWebApplication.php(282): CController->run('print')
#12 C:\xampp\htdocs\mini-clinic\framework\web\CWebApplication.php(141): CWebApplication->runController('orders/print')
#13 C:\xampp\htdocs\mini-clinic\framework\base\CApplication.php(180): CWebApplication->processRequest()
#14 C:\xampp\htdocs\mini-clinic\index.php(15): CApplication->run()
#15 {main}
REQUEST_URI=/mini-clinic/index.php?r=orders/print&order_id=0000000004
HTTP_REFERER=http://localhost/mini-clinic/index.php?r=orders/view&order_id=0000000004
---
2021/01/20 21:55:47 [error] [php] require_once(C:\xampp\htdocs\mini-clinic\protected\controllers/lib/mpdf7/vendor/autoload.php): failed to open stream: No such file or directory (C:\xampp\htdocs\mini-clinic\protected\controllers\OrdersController.php:340)
Stack trace:
#0 C:\xampp\htdocs\mini-clinic\framework\web\actions\CAction.php(108): ReflectionMethod->invokeArgs()
#1 C:\xampp\htdocs\mini-clinic\framework\web\actions\CInlineAction.php(47): CInlineAction->runWithParamsInternal()
#2 C:\xampp\htdocs\mini-clinic\framework\web\CController.php(308): CInlineAction->runWithParams()
#3 C:\xampp\htdocs\mini-clinic\framework\web\filters\CFilterChain.php(133): OrdersController->runAction()
#4 C:\xampp\htdocs\mini-clinic\framework\web\filters\CFilter.php(40): CFilterChain->run()
#5 C:\xampp\htdocs\mini-clinic\framework\web\CController.php(1145): CAccessControlFilter->filter()
#6 C:\xampp\htdocs\mini-clinic\framework\web\filters\CInlineFilter.php(58): OrdersController->filterAccessControl()
#7 C:\xampp\htdocs\mini-clinic\framework\web\filters\CFilterChain.php(130): CInlineFilter->filter()
#8 C:\xampp\htdocs\mini-clinic\framework\web\CController.php(291): CFilterChain->run()
#9 C:\xampp\htdocs\mini-clinic\framework\web\CController.php(265): OrdersController->runActionWithFilters()
#10 C:\xampp\htdocs\mini-clinic\framework\web\CWebApplication.php(282): OrdersController->run()
#11 C:\xampp\htdocs\mini-clinic\framework\web\CWebApplication.php(141): CWebApplication->runController()
#12 C:\xampp\htdocs\mini-clinic\framework\base\CApplication.php(180): CWebApplication->processRequest()
#13 C:\xampp\htdocs\mini-clinic\index.php(15): CWebApplication->run()
REQUEST_URI=/mini-clinic/index.php?r=orders/print&order_id=0000000004
in C:\xampp\htdocs\mini-clinic\protected\controllers\OrdersController.php (340)
in C:\xampp\htdocs\mini-clinic\protected\controllers\OrdersController.php (340)
in C:\xampp\htdocs\mini-clinic\index.php (15)
2021/01/20 21:55:58 [error] [php] require(C:\xampp\htdocs\mini-clinic\protected\controllers/lib/mpdf7/vendor/autoload.php): failed to open stream: No such file or directory (C:\xampp\htdocs\mini-clinic\protected\controllers\OrdersController.php:340)
Stack trace:
#0 C:\xampp\htdocs\mini-clinic\framework\web\actions\CAction.php(108): ReflectionMethod->invokeArgs()
#1 C:\xampp\htdocs\mini-clinic\framework\web\actions\CInlineAction.php(47): CInlineAction->runWithParamsInternal()
#2 C:\xampp\htdocs\mini-clinic\framework\web\CController.php(308): CInlineAction->runWithParams()
#3 C:\xampp\htdocs\mini-clinic\framework\web\filters\CFilterChain.php(133): OrdersController->runAction()
#4 C:\xampp\htdocs\mini-clinic\framework\web\filters\CFilter.php(40): CFilterChain->run()
#5 C:\xampp\htdocs\mini-clinic\framework\web\CController.php(1145): CAccessControlFilter->filter()
#6 C:\xampp\htdocs\mini-clinic\framework\web\filters\CInlineFilter.php(58): OrdersController->filterAccessControl()
#7 C:\xampp\htdocs\mini-clinic\framework\web\filters\CFilterChain.php(130): CInlineFilter->filter()
#8 C:\xampp\htdocs\mini-clinic\framework\web\CController.php(291): CFilterChain->run()
#9 C:\xampp\htdocs\mini-clinic\framework\web\CController.php(265): OrdersController->runActionWithFilters()
#10 C:\xampp\htdocs\mini-clinic\framework\web\CWebApplication.php(282): OrdersController->run()
#11 C:\xampp\htdocs\mini-clinic\framework\web\CWebApplication.php(141): CWebApplication->runController()
#12 C:\xampp\htdocs\mini-clinic\framework\base\CApplication.php(180): CWebApplication->processRequest()
#13 C:\xampp\htdocs\mini-clinic\index.php(15): CWebApplication->run()
REQUEST_URI=/mini-clinic/index.php?r=orders/print&order_id=0000000004
in C:\xampp\htdocs\mini-clinic\protected\controllers\OrdersController.php (340)
in C:\xampp\htdocs\mini-clinic\protected\controllers\OrdersController.php (340)
in C:\xampp\htdocs\mini-clinic\index.php (15)
2021/01/20 21:55:59 [error] [php] require(C:\xampp\htdocs\mini-clinic\protected\controllers/lib/mpdf7/vendor/autoload.php): failed to open stream: No such file or directory (C:\xampp\htdocs\mini-clinic\protected\controllers\OrdersController.php:340)
Stack trace:
#0 C:\xampp\htdocs\mini-clinic\framework\web\actions\CAction.php(108): ReflectionMethod->invokeArgs()
#1 C:\xampp\htdocs\mini-clinic\framework\web\actions\CInlineAction.php(47): CInlineAction->runWithParamsInternal()
#2 C:\xampp\htdocs\mini-clinic\framework\web\CController.php(308): CInlineAction->runWithParams()
#3 C:\xampp\htdocs\mini-clinic\framework\web\filters\CFilterChain.php(133): OrdersController->runAction()
#4 C:\xampp\htdocs\mini-clinic\framework\web\filters\CFilter.php(40): CFilterChain->run()
#5 C:\xampp\htdocs\mini-clinic\framework\web\CController.php(1145): CAccessControlFilter->filter()
#6 C:\xampp\htdocs\mini-clinic\framework\web\filters\CInlineFilter.php(58): OrdersController->filterAccessControl()
#7 C:\xampp\htdocs\mini-clinic\framework\web\filters\CFilterChain.php(130): CInlineFilter->filter()
#8 C:\xampp\htdocs\mini-clinic\framework\web\CController.php(291): CFilterChain->run()
#9 C:\xampp\htdocs\mini-clinic\framework\web\CController.php(265): OrdersController->runActionWithFilters()
#10 C:\xampp\htdocs\mini-clinic\framework\web\CWebApplication.php(282): OrdersController->run()
#11 C:\xampp\htdocs\mini-clinic\framework\web\CWebApplication.php(141): CWebApplication->runController()
#12 C:\xampp\htdocs\mini-clinic\framework\base\CApplication.php(180): CWebApplication->processRequest()
#13 C:\xampp\htdocs\mini-clinic\index.php(15): CWebApplication->run()
REQUEST_URI=/mini-clinic/index.php?r=orders/print&order_id=0000000004
in C:\xampp\htdocs\mini-clinic\protected\controllers\OrdersController.php (340)
in C:\xampp\htdocs\mini-clinic\protected\controllers\OrdersController.php (340)
in C:\xampp\htdocs\mini-clinic\index.php (15)
2021/01/20 21:55:59 [error] [php] require(C:\xampp\htdocs\mini-clinic\protected\controllers/lib/mpdf7/vendor/autoload.php): failed to open stream: No such file or directory (C:\xampp\htdocs\mini-clinic\protected\controllers\OrdersController.php:340)
Stack trace:
#0 C:\xampp\htdocs\mini-clinic\framework\web\actions\CAction.php(108): ReflectionMethod->invokeArgs()
#1 C:\xampp\htdocs\mini-clinic\framework\web\actions\CInlineAction.php(47): CInlineAction->runWithParamsInternal()
#2 C:\xampp\htdocs\mini-clinic\framework\web\CController.php(308): CInlineAction->runWithParams()
#3 C:\xampp\htdocs\mini-clinic\framework\web\filters\CFilterChain.php(133): OrdersController->runAction()
#4 C:\xampp\htdocs\mini-clinic\framework\web\filters\CFilter.php(40): CFilterChain->run()
#5 C:\xampp\htdocs\mini-clinic\framework\web\CController.php(1145): CAccessControlFilter->filter()
#6 C:\xampp\htdocs\mini-clinic\framework\web\filters\CInlineFilter.php(58): OrdersController->filterAccessControl()
#7 C:\xampp\htdocs\mini-clinic\framework\web\filters\CFilterChain.php(130): CInlineFilter->filter()
#8 C:\xampp\htdocs\mini-clinic\framework\web\CController.php(291): CFilterChain->run()
#9 C:\xampp\htdocs\mini-clinic\framework\web\CController.php(265): OrdersController->runActionWithFilters()
#10 C:\xampp\htdocs\mini-clinic\framework\web\CWebApplication.php(282): OrdersController->run()
#11 C:\xampp\htdocs\mini-clinic\framework\web\CWebApplication.php(141): CWebApplication->runController()
#12 C:\xampp\htdocs\mini-clinic\framework\base\CApplication.php(180): CWebApplication->processRequest()
#13 C:\xampp\htdocs\mini-clinic\index.php(15): CWebApplication->run()
REQUEST_URI=/mini-clinic/index.php?r=orders/print&order_id=0000000004
in C:\xampp\htdocs\mini-clinic\protected\controllers\OrdersController.php (340)
in C:\xampp\htdocs\mini-clinic\protected\controllers\OrdersController.php (340)
in C:\xampp\htdocs\mini-clinic\index.php (15)
2021/01/20 21:55:59 [error] [php] require(C:\xampp\htdocs\mini-clinic\protected\controllers/lib/mpdf7/vendor/autoload.php): failed to open stream: No such file or directory (C:\xampp\htdocs\mini-clinic\protected\controllers\OrdersController.php:340)
Stack trace:
#0 C:\xampp\htdocs\mini-clinic\framework\web\actions\CAction.php(108): ReflectionMethod->invokeArgs()
#1 C:\xampp\htdocs\mini-clinic\framework\web\actions\CInlineAction.php(47): CInlineAction->runWithParamsInternal()
#2 C:\xampp\htdocs\mini-clinic\framework\web\CController.php(308): CInlineAction->runWithParams()
#3 C:\xampp\htdocs\mini-clinic\framework\web\filters\CFilterChain.php(133): OrdersController->runAction()
#4 C:\xampp\htdocs\mini-clinic\framework\web\filters\CFilter.php(40): CFilterChain->run()
#5 C:\xampp\htdocs\mini-clinic\framework\web\CController.php(1145): CAccessControlFilter->filter()
#6 C:\xampp\htdocs\mini-clinic\framework\web\filters\CInlineFilter.php(58): OrdersController->filterAccessControl()
#7 C:\xampp\htdocs\mini-clinic\framework\web\filters\CFilterChain.php(130): CInlineFilter->filter()
#8 C:\xampp\htdocs\mini-clinic\framework\web\CController.php(291): CFilterChain->run()
#9 C:\xampp\htdocs\mini-clinic\framework\web\CController.php(265): OrdersController->runActionWithFilters()
#10 C:\xampp\htdocs\mini-clinic\framework\web\CWebApplication.php(282): OrdersController->run()
#11 C:\xampp\htdocs\mini-clinic\framework\web\CWebApplication.php(141): CWebApplication->runController()
#12 C:\xampp\htdocs\mini-clinic\framework\base\CApplication.php(180): CWebApplication->processRequest()
#13 C:\xampp\htdocs\mini-clinic\index.php(15): CWebApplication->run()
REQUEST_URI=/mini-clinic/index.php?r=orders/print&order_id=0000000004
in C:\xampp\htdocs\mini-clinic\protected\controllers\OrdersController.php (340)
in C:\xampp\htdocs\mini-clinic\protected\controllers\OrdersController.php (340)
in C:\xampp\htdocs\mini-clinic\index.php (15)
2021/01/20 21:56:45 [error] [php] require_once(C:\xampp\htdocs\mini-clinic\protected\controllers/./../lib/mpdf7/vendor/autoload.php): failed to open stream: No such file or directory (C:\xampp\htdocs\mini-clinic\protected\controllers\OrdersController.php:340)
Stack trace:
#0 C:\xampp\htdocs\mini-clinic\framework\web\actions\CAction.php(108): ReflectionMethod->invokeArgs()
#1 C:\xampp\htdocs\mini-clinic\framework\web\actions\CInlineAction.php(47): CInlineAction->runWithParamsInternal()
#2 C:\xampp\htdocs\mini-clinic\framework\web\CController.php(308): CInlineAction->runWithParams()
#3 C:\xampp\htdocs\mini-clinic\framework\web\filters\CFilterChain.php(133): OrdersController->runAction()
#4 C:\xampp\htdocs\mini-clinic\framework\web\filters\CFilter.php(40): CFilterChain->run()
#5 C:\xampp\htdocs\mini-clinic\framework\web\CController.php(1145): CAccessControlFilter->filter()
#6 C:\xampp\htdocs\mini-clinic\framework\web\filters\CInlineFilter.php(58): OrdersController->filterAccessControl()
#7 C:\xampp\htdocs\mini-clinic\framework\web\filters\CFilterChain.php(130): CInlineFilter->filter()
#8 C:\xampp\htdocs\mini-clinic\framework\web\CController.php(291): CFilterChain->run()
#9 C:\xampp\htdocs\mini-clinic\framework\web\CController.php(265): OrdersController->runActionWithFilters()
#10 C:\xampp\htdocs\mini-clinic\framework\web\CWebApplication.php(282): OrdersController->run()
#11 C:\xampp\htdocs\mini-clinic\framework\web\CWebApplication.php(141): CWebApplication->runController()
#12 C:\xampp\htdocs\mini-clinic\framework\base\CApplication.php(180): CWebApplication->processRequest()
#13 C:\xampp\htdocs\mini-clinic\index.php(15): CWebApplication->run()
REQUEST_URI=/mini-clinic/index.php?r=orders/print&order_id=0000000004
in C:\xampp\htdocs\mini-clinic\protected\controllers\OrdersController.php (340)
in C:\xampp\htdocs\mini-clinic\protected\controllers\OrdersController.php (340)
in C:\xampp\htdocs\mini-clinic\index.php (15)
2021/01/20 21:56:47 [error] [php] require_once(C:\xampp\htdocs\mini-clinic\protected\controllers/./../lib/mpdf7/vendor/autoload.php): failed to open stream: No such file or directory (C:\xampp\htdocs\mini-clinic\protected\controllers\OrdersController.php:340)
Stack trace:
#0 C:\xampp\htdocs\mini-clinic\framework\web\actions\CAction.php(108): ReflectionMethod->invokeArgs()
#1 C:\xampp\htdocs\mini-clinic\framework\web\actions\CInlineAction.php(47): CInlineAction->runWithParamsInternal()
#2 C:\xampp\htdocs\mini-clinic\framework\web\CController.php(308): CInlineAction->runWithParams()
#3 C:\xampp\htdocs\mini-clinic\framework\web\filters\CFilterChain.php(133): OrdersController->runAction()
#4 C:\xampp\htdocs\mini-clinic\framework\web\filters\CFilter.php(40): CFilterChain->run()
#5 C:\xampp\htdocs\mini-clinic\framework\web\CController.php(1145): CAccessControlFilter->filter()
#6 C:\xampp\htdocs\mini-clinic\framework\web\filters\CInlineFilter.php(58): OrdersController->filterAccessControl()
#7 C:\xampp\htdocs\mini-clinic\framework\web\filters\CFilterChain.php(130): CInlineFilter->filter()
#8 C:\xampp\htdocs\mini-clinic\framework\web\CController.php(291): CFilterChain->run()
#9 C:\xampp\htdocs\mini-clinic\framework\web\CController.php(265): OrdersController->runActionWithFilters()
#10 C:\xampp\htdocs\mini-clinic\framework\web\CWebApplication.php(282): OrdersController->run()
#11 C:\xampp\htdocs\mini-clinic\framework\web\CWebApplication.php(141): CWebApplication->runController()
#12 C:\xampp\htdocs\mini-clinic\framework\base\CApplication.php(180): CWebApplication->processRequest()
#13 C:\xampp\htdocs\mini-clinic\index.php(15): CWebApplication->run()
REQUEST_URI=/mini-clinic/index.php?r=orders/print&order_id=0000000004
in C:\xampp\htdocs\mini-clinic\protected\controllers\OrdersController.php (340)
in C:\xampp\htdocs\mini-clinic\protected\controllers\OrdersController.php (340)
in C:\xampp\htdocs\mini-clinic\index.php (15)
2021/01/20 23:57:14 [error] [exception.CHttpException.403] CHttpException:  in C:\xampp\htdocs\mini-clinic\framework\web\auth\CAccessControlFilter.php:182
Stack trace:
#0 C:\xampp\htdocs\mini-clinic\framework\web\auth\CAccessControlFilter.php(145): CAccessControlFilter->accessDenied(Object(CWebUser), '\xE0\xB8\x84\xE0\xB8\xB8\xE0\xB8\x93\xE0\xB9\x84\xE0\xB8\xA1...')
#1 C:\xampp\htdocs\mini-clinic\framework\web\filters\CFilter.php(38): CAccessControlFilter->preFilter(Object(CFilterChain))
#2 C:\xampp\htdocs\mini-clinic\framework\web\CController.php(1145): CFilter->filter(Object(CFilterChain))
#3 C:\xampp\htdocs\mini-clinic\framework\web\filters\CInlineFilter.php(58): CController->filterAccessControl(Object(CFilterChain))
#4 C:\xampp\htdocs\mini-clinic\framework\web\filters\CFilterChain.php(130): CInlineFilter->filter(Object(CFilterChain))
#5 C:\xampp\htdocs\mini-clinic\framework\web\CController.php(291): CFilterChain->run()
#6 C:\xampp\htdocs\mini-clinic\framework\web\CController.php(265): CController->runActionWithFilters(Object(CInlineAction), Array)
#7 C:\xampp\htdocs\mini-clinic\framework\web\CWebApplication.php(282): CController->run('detailproduct')
#8 C:\xampp\htdocs\mini-clinic\framework\web\CWebApplication.php(141): CWebApplication->runController('orders/detailpr...')
#9 C:\xampp\htdocs\mini-clinic\framework\base\CApplication.php(180): CWebApplication->processRequest()
#10 C:\xampp\htdocs\mini-clinic\index.php(15): CApplication->run()
#11 {main}
REQUEST_URI=/mini-clinic/index.php?r=orders/detailproduct
HTTP_REFERER=http://localhost/mini-clinic/index.php?r=orders/create&branch=1
---
2021/01/20 23:57:15 [error] [exception.CHttpException.403] CHttpException:  in C:\xampp\htdocs\mini-clinic\framework\web\auth\CAccessControlFilter.php:182
Stack trace:
#0 C:\xampp\htdocs\mini-clinic\framework\web\auth\CAccessControlFilter.php(145): CAccessControlFilter->accessDenied(Object(CWebUser), '\xE0\xB8\x84\xE0\xB8\xB8\xE0\xB8\x93\xE0\xB9\x84\xE0\xB8\xA1...')
#1 C:\xampp\htdocs\mini-clinic\framework\web\filters\CFilter.php(38): CAccessControlFilter->preFilter(Object(CFilterChain))
#2 C:\xampp\htdocs\mini-clinic\framework\web\CController.php(1145): CFilter->filter(Object(CFilterChain))
#3 C:\xampp\htdocs\mini-clinic\framework\web\filters\CInlineFilter.php(58): CController->filterAccessControl(Object(CFilterChain))
#4 C:\xampp\htdocs\mini-clinic\framework\web\filters\CFilterChain.php(130): CInlineFilter->filter(Object(CFilterChain))
#5 C:\xampp\htdocs\mini-clinic\framework\web\CController.php(291): CFilterChain->run()
#6 C:\xampp\htdocs\mini-clinic\framework\web\CController.php(265): CController->runActionWithFilters(Object(CInlineAction), Array)
#7 C:\xampp\htdocs\mini-clinic\framework\web\CWebApplication.php(282): CController->run('detailproduct')
#8 C:\xampp\htdocs\mini-clinic\framework\web\CWebApplication.php(141): CWebApplication->runController('orders/detailpr...')
#9 C:\xampp\htdocs\mini-clinic\framework\base\CApplication.php(180): CWebApplication->processRequest()
#10 C:\xampp\htdocs\mini-clinic\index.php(15): CApplication->run()
#11 {main}
REQUEST_URI=/mini-clinic/index.php?r=orders/detailproduct
HTTP_REFERER=http://localhost/mini-clinic/index.php?r=orders/create&branch=1
---
2021/01/20 23:57:24 [error] [exception.CHttpException.403] CHttpException:  in C:\xampp\htdocs\mini-clinic\framework\web\auth\CAccessControlFilter.php:182
Stack trace:
#0 C:\xampp\htdocs\mini-clinic\framework\web\auth\CAccessControlFilter.php(145): CAccessControlFilter->accessDenied(Object(CWebUser), '\xE0\xB8\x84\xE0\xB8\xB8\xE0\xB8\x93\xE0\xB9\x84\xE0\xB8\xA1...')
#1 C:\xampp\htdocs\mini-clinic\framework\web\filters\CFilter.php(38): CAccessControlFilter->preFilter(Object(CFilterChain))
#2 C:\xampp\htdocs\mini-clinic\framework\web\CController.php(1145): CFilter->filter(Object(CFilterChain))
#3 C:\xampp\htdocs\mini-clinic\framework\web\filters\CInlineFilter.php(58): CController->filterAccessControl(Object(CFilterChain))
#4 C:\xampp\htdocs\mini-clinic\framework\web\filters\CFilterChain.php(130): CInlineFilter->filter(Object(CFilterChain))
#5 C:\xampp\htdocs\mini-clinic\framework\web\CController.php(291): CFilterChain->run()
#6 C:\xampp\htdocs\mini-clinic\framework\web\CController.php(265): CController->runActionWithFilters(Object(CInlineAction), Array)
#7 C:\xampp\htdocs\mini-clinic\framework\web\CWebApplication.php(282): CController->run('detailproduct')
#8 C:\xampp\htdocs\mini-clinic\framework\web\CWebApplication.php(141): CWebApplication->runController('orders/detailpr...')
#9 C:\xampp\htdocs\mini-clinic\framework\base\CApplication.php(180): CWebApplication->processRequest()
#10 C:\xampp\htdocs\mini-clinic\index.php(15): CApplication->run()
#11 {main}
REQUEST_URI=/mini-clinic/index.php?r=orders/detailproduct
HTTP_REFERER=http://localhost/mini-clinic/index.php?r=orders/create&branch=1
---
2021/01/20 23:57:27 [error] [exception.CHttpException.403] CHttpException:  in C:\xampp\htdocs\mini-clinic\framework\web\auth\CAccessControlFilter.php:182
Stack trace:
#0 C:\xampp\htdocs\mini-clinic\framework\web\auth\CAccessControlFilter.php(145): CAccessControlFilter->accessDenied(Object(CWebUser), '\xE0\xB8\x84\xE0\xB8\xB8\xE0\xB8\x93\xE0\xB9\x84\xE0\xB8\xA1...')
#1 C:\xampp\htdocs\mini-clinic\framework\web\filters\CFilter.php(38): CAccessControlFilter->preFilter(Object(CFilterChain))
#2 C:\xampp\htdocs\mini-clinic\framework\web\CController.php(1145): CFilter->filter(Object(CFilterChain))
#3 C:\xampp\htdocs\mini-clinic\framework\web\filters\CInlineFilter.php(58): CController->filterAccessControl(Object(CFilterChain))
#4 C:\xampp\htdocs\mini-clinic\framework\web\filters\CFilterChain.php(130): CInlineFilter->filter(Object(CFilterChain))
#5 C:\xampp\htdocs\mini-clinic\framework\web\CController.php(291): CFilterChain->run()
#6 C:\xampp\htdocs\mini-clinic\framework\web\CController.php(265): CController->runActionWithFilters(Object(CInlineAction), Array)
#7 C:\xampp\htdocs\mini-clinic\framework\web\CWebApplication.php(282): CController->run('detailproduct')
#8 C:\xampp\htdocs\mini-clinic\framework\web\CWebApplication.php(141): CWebApplication->runController('orders/detailpr...')
#9 C:\xampp\htdocs\mini-clinic\framework\base\CApplication.php(180): CWebApplication->processRequest()
#10 C:\xampp\htdocs\mini-clinic\index.php(15): CApplication->run()
#11 {main}
REQUEST_URI=/mini-clinic/index.php?r=orders/detailproduct
---
2021/01/21 00:42:30 [error] [php] Undefined index: pricetotal (C:\xampp\htdocs\mini-clinic\protected\views\orders\listdata.php:46)
Stack trace:
#0 C:\xampp\htdocs\mini-clinic\framework\web\CController.php(869): OrdersController->renderFile()
#1 C:\xampp\htdocs\mini-clinic\protected\controllers\OrdersController.php(227): OrdersController->renderPartial()
#2 C:\xampp\htdocs\mini-clinic\framework\web\actions\CInlineAction.php(49): OrdersController->actionLoaddata()
#3 C:\xampp\htdocs\mini-clinic\framework\web\CController.php(308): CInlineAction->runWithParams()
#4 C:\xampp\htdocs\mini-clinic\framework\web\filters\CFilterChain.php(133): OrdersController->runAction()
#5 C:\xampp\htdocs\mini-clinic\framework\web\filters\CFilter.php(40): CFilterChain->run()
#6 C:\xampp\htdocs\mini-clinic\framework\web\CController.php(1145): CAccessControlFilter->filter()
#7 C:\xampp\htdocs\mini-clinic\framework\web\filters\CInlineFilter.php(58): OrdersController->filterAccessControl()
#8 C:\xampp\htdocs\mini-clinic\framework\web\filters\CFilterChain.php(130): CInlineFilter->filter()
#9 C:\xampp\htdocs\mini-clinic\framework\web\CController.php(291): CFilterChain->run()
#10 C:\xampp\htdocs\mini-clinic\framework\web\CController.php(265): OrdersController->runActionWithFilters()
#11 C:\xampp\htdocs\mini-clinic\framework\web\CWebApplication.php(282): OrdersController->run()
#12 C:\xampp\htdocs\mini-clinic\framework\web\CWebApplication.php(141): CWebApplication->runController()
#13 C:\xampp\htdocs\mini-clinic\framework\base\CApplication.php(180): CWebApplication->processRequest()
#14 C:\xampp\htdocs\mini-clinic\index.php(15): CWebApplication->run()
REQUEST_URI=/mini-clinic/index.php?r=orders/loaddata
in C:\xampp\htdocs\mini-clinic\protected\views\orders\listdata.php (46)
in C:\xampp\htdocs\mini-clinic\protected\controllers\OrdersController.php (227)
in C:\xampp\htdocs\mini-clinic\index.php (15)
2021/01/21 00:57:51 [error] [php] Undefined variable: pricetotal (C:\xampp\htdocs\mini-clinic\protected\views\orders\listdata.php:33)
Stack trace:
#0 C:\xampp\htdocs\mini-clinic\framework\web\CController.php(869): OrdersController->renderFile()
#1 C:\xampp\htdocs\mini-clinic\protected\controllers\OrdersController.php(227): OrdersController->renderPartial()
#2 C:\xampp\htdocs\mini-clinic\framework\web\actions\CInlineAction.php(49): OrdersController->actionLoaddata()
#3 C:\xampp\htdocs\mini-clinic\framework\web\CController.php(308): CInlineAction->runWithParams()
#4 C:\xampp\htdocs\mini-clinic\framework\web\filters\CFilterChain.php(133): OrdersController->runAction()
#5 C:\xampp\htdocs\mini-clinic\framework\web\filters\CFilter.php(40): CFilterChain->run()
#6 C:\xampp\htdocs\mini-clinic\framework\web\CController.php(1145): CAccessControlFilter->filter()
#7 C:\xampp\htdocs\mini-clinic\framework\web\filters\CInlineFilter.php(58): OrdersController->filterAccessControl()
#8 C:\xampp\htdocs\mini-clinic\framework\web\filters\CFilterChain.php(130): CInlineFilter->filter()
#9 C:\xampp\htdocs\mini-clinic\framework\web\CController.php(291): CFilterChain->run()
#10 C:\xampp\htdocs\mini-clinic\framework\web\CController.php(265): OrdersController->runActionWithFilters()
#11 C:\xampp\htdocs\mini-clinic\framework\web\CWebApplication.php(282): OrdersController->run()
#12 C:\xampp\htdocs\mini-clinic\framework\web\CWebApplication.php(141): CWebApplication->runController()
#13 C:\xampp\htdocs\mini-clinic\framework\base\CApplication.php(180): CWebApplication->processRequest()
#14 C:\xampp\htdocs\mini-clinic\index.php(15): CWebApplication->run()
REQUEST_URI=/mini-clinic/index.php?r=orders/loaddata
in C:\xampp\htdocs\mini-clinic\protected\views\orders\listdata.php (33)
in C:\xampp\htdocs\mini-clinic\protected\controllers\OrdersController.php (227)
in C:\xampp\htdocs\mini-clinic\index.php (15)
2021/01/21 00:58:10 [error] [php] Undefined variable: pricetotal (C:\xampp\htdocs\mini-clinic\protected\views\orders\listdata.php:33)
Stack trace:
#0 C:\xampp\htdocs\mini-clinic\framework\web\CController.php(869): OrdersController->renderFile()
#1 C:\xampp\htdocs\mini-clinic\protected\controllers\OrdersController.php(227): OrdersController->renderPartial()
#2 C:\xampp\htdocs\mini-clinic\framework\web\actions\CInlineAction.php(49): OrdersController->actionLoaddata()
#3 C:\xampp\htdocs\mini-clinic\framework\web\CController.php(308): CInlineAction->runWithParams()
#4 C:\xampp\htdocs\mini-clinic\framework\web\filters\CFilterChain.php(133): OrdersController->runAction()
#5 C:\xampp\htdocs\mini-clinic\framework\web\filters\CFilter.php(40): CFilterChain->run()
#6 C:\xampp\htdocs\mini-clinic\framework\web\CController.php(1145): CAccessControlFilter->filter()
#7 C:\xampp\htdocs\mini-clinic\framework\web\filters\CInlineFilter.php(58): OrdersController->filterAccessControl()
#8 C:\xampp\htdocs\mini-clinic\framework\web\filters\CFilterChain.php(130): CInlineFilter->filter()
#9 C:\xampp\htdocs\mini-clinic\framework\web\CController.php(291): CFilterChain->run()
#10 C:\xampp\htdocs\mini-clinic\framework\web\CController.php(265): OrdersController->runActionWithFilters()
#11 C:\xampp\htdocs\mini-clinic\framework\web\CWebApplication.php(282): OrdersController->run()
#12 C:\xampp\htdocs\mini-clinic\framework\web\CWebApplication.php(141): CWebApplication->runController()
#13 C:\xampp\htdocs\mini-clinic\framework\base\CApplication.php(180): CWebApplication->processRequest()
#14 C:\xampp\htdocs\mini-clinic\index.php(15): CWebApplication->run()
REQUEST_URI=/mini-clinic/index.php?r=orders/loaddata
in C:\xampp\htdocs\mini-clinic\protected\views\orders\listdata.php (33)
in C:\xampp\htdocs\mini-clinic\protected\controllers\OrdersController.php (227)
in C:\xampp\htdocs\mini-clinic\index.php (15)
2021/01/21 00:58:58 [error] [php] Undefined variable: pricetotal (C:\xampp\htdocs\mini-clinic\protected\views\orders\listdata.php:33)
Stack trace:
#0 C:\xampp\htdocs\mini-clinic\framework\web\CController.php(869): OrdersController->renderFile()
#1 C:\xampp\htdocs\mini-clinic\protected\controllers\OrdersController.php(227): OrdersController->renderPartial()
#2 C:\xampp\htdocs\mini-clinic\framework\web\actions\CInlineAction.php(49): OrdersController->actionLoaddata()
#3 C:\xampp\htdocs\mini-clinic\framework\web\CController.php(308): CInlineAction->runWithParams()
#4 C:\xampp\htdocs\mini-clinic\framework\web\filters\CFilterChain.php(133): OrdersController->runAction()
#5 C:\xampp\htdocs\mini-clinic\framework\web\filters\CFilter.php(40): CFilterChain->run()
#6 C:\xampp\htdocs\mini-clinic\framework\web\CController.php(1145): CAccessControlFilter->filter()
#7 C:\xampp\htdocs\mini-clinic\framework\web\filters\CInlineFilter.php(58): OrdersController->filterAccessControl()
#8 C:\xampp\htdocs\mini-clinic\framework\web\filters\CFilterChain.php(130): CInlineFilter->filter()
#9 C:\xampp\htdocs\mini-clinic\framework\web\CController.php(291): CFilterChain->run()
#10 C:\xampp\htdocs\mini-clinic\framework\web\CController.php(265): OrdersController->runActionWithFilters()
#11 C:\xampp\htdocs\mini-clinic\framework\web\CWebApplication.php(282): OrdersController->run()
#12 C:\xampp\htdocs\mini-clinic\framework\web\CWebApplication.php(141): CWebApplication->runController()
#13 C:\xampp\htdocs\mini-clinic\framework\base\CApplication.php(180): CWebApplication->processRequest()
#14 C:\xampp\htdocs\mini-clinic\index.php(15): CWebApplication->run()
REQUEST_URI=/mini-clinic/index.php?r=orders/loaddata
in C:\xampp\htdocs\mini-clinic\protected\views\orders\listdata.php (33)
in C:\xampp\htdocs\mini-clinic\protected\controllers\OrdersController.php (227)
in C:\xampp\htdocs\mini-clinic\index.php (15)
2021/01/21 00:59:01 [error] [php] Undefined variable: priceresult (C:\xampp\htdocs\mini-clinic\protected\views\orders\listdata.php:93)
Stack trace:
#0 C:\xampp\htdocs\mini-clinic\framework\web\CController.php(869): OrdersController->renderFile()
#1 C:\xampp\htdocs\mini-clinic\protected\controllers\OrdersController.php(227): OrdersController->renderPartial()
#2 C:\xampp\htdocs\mini-clinic\framework\web\actions\CInlineAction.php(49): OrdersController->actionLoaddata()
#3 C:\xampp\htdocs\mini-clinic\framework\web\CController.php(308): CInlineAction->runWithParams()
#4 C:\xampp\htdocs\mini-clinic\framework\web\filters\CFilterChain.php(133): OrdersController->runAction()
#5 C:\xampp\htdocs\mini-clinic\framework\web\filters\CFilter.php(40): CFilterChain->run()
#6 C:\xampp\htdocs\mini-clinic\framework\web\CController.php(1145): CAccessControlFilter->filter()
#7 C:\xampp\htdocs\mini-clinic\framework\web\filters\CInlineFilter.php(58): OrdersController->filterAccessControl()
#8 C:\xampp\htdocs\mini-clinic\framework\web\filters\CFilterChain.php(130): CInlineFilter->filter()
#9 C:\xampp\htdocs\mini-clinic\framework\web\CController.php(291): CFilterChain->run()
#10 C:\xampp\htdocs\mini-clinic\framework\web\CController.php(265): OrdersController->runActionWithFilters()
#11 C:\xampp\htdocs\mini-clinic\framework\web\CWebApplication.php(282): OrdersController->run()
#12 C:\xampp\htdocs\mini-clinic\framework\web\CWebApplication.php(141): CWebApplication->runController()
#13 C:\xampp\htdocs\mini-clinic\framework\base\CApplication.php(180): CWebApplication->processRequest()
#14 C:\xampp\htdocs\mini-clinic\index.php(15): CWebApplication->run()
REQUEST_URI=/mini-clinic/index.php?r=orders/loaddata
in C:\xampp\htdocs\mini-clinic\protected\views\orders\listdata.php (93)
in C:\xampp\htdocs\mini-clinic\protected\controllers\OrdersController.php (227)
in C:\xampp\htdocs\mini-clinic\index.php (15)
2021/01/21 00:59:45 [error] [php] Undefined variable: pricetotal (C:\xampp\htdocs\mini-clinic\protected\views\orders\listdata.php:33)
Stack trace:
#0 C:\xampp\htdocs\mini-clinic\framework\web\CController.php(869): OrdersController->renderFile()
#1 C:\xampp\htdocs\mini-clinic\protected\controllers\OrdersController.php(227): OrdersController->renderPartial()
#2 C:\xampp\htdocs\mini-clinic\framework\web\actions\CInlineAction.php(49): OrdersController->actionLoaddata()
#3 C:\xampp\htdocs\mini-clinic\framework\web\CController.php(308): CInlineAction->runWithParams()
#4 C:\xampp\htdocs\mini-clinic\framework\web\filters\CFilterChain.php(133): OrdersController->runAction()
#5 C:\xampp\htdocs\mini-clinic\framework\web\filters\CFilter.php(40): CFilterChain->run()
#6 C:\xampp\htdocs\mini-clinic\framework\web\CController.php(1145): CAccessControlFilter->filter()
#7 C:\xampp\htdocs\mini-clinic\framework\web\filters\CInlineFilter.php(58): OrdersController->filterAccessControl()
#8 C:\xampp\htdocs\mini-clinic\framework\web\filters\CFilterChain.php(130): CInlineFilter->filter()
#9 C:\xampp\htdocs\mini-clinic\framework\web\CController.php(291): CFilterChain->run()
#10 C:\xampp\htdocs\mini-clinic\framework\web\CController.php(265): OrdersController->runActionWithFilters()
#11 C:\xampp\htdocs\mini-clinic\framework\web\CWebApplication.php(282): OrdersController->run()
#12 C:\xampp\htdocs\mini-clinic\framework\web\CWebApplication.php(141): CWebApplication->runController()
#13 C:\xampp\htdocs\mini-clinic\framework\base\CApplication.php(180): CWebApplication->processRequest()
#14 C:\xampp\htdocs\mini-clinic\index.php(15): CWebApplication->run()
REQUEST_URI=/mini-clinic/index.php?r=orders/loaddata
in C:\xampp\htdocs\mini-clinic\protected\views\orders\listdata.php (33)
in C:\xampp\htdocs\mini-clinic\protected\controllers\OrdersController.php (227)
in C:\xampp\htdocs\mini-clinic\index.php (15)
2021/01/21 01:30:33 [error] [php] Undefined variable: distcountprice (C:\xampp\htdocs\mini-clinic\protected\controllers\ListorderController.php:165)
Stack trace:
#0 C:\xampp\htdocs\mini-clinic\framework\web\filters\CFilterChain.php(133): ListorderController->runAction()
#1 C:\xampp\htdocs\mini-clinic\framework\web\filters\CFilter.php(40): CFilterChain->run()
#2 C:\xampp\htdocs\mini-clinic\framework\web\CController.php(1145): CAccessControlFilter->filter()
#3 C:\xampp\htdocs\mini-clinic\framework\web\filters\CInlineFilter.php(58): ListorderController->filterAccessControl()
#4 C:\xampp\htdocs\mini-clinic\framework\web\filters\CFilterChain.php(130): CInlineFilter->filter()
#5 C:\xampp\htdocs\mini-clinic\framework\web\CController.php(291): CFilterChain->run()
#6 C:\xampp\htdocs\mini-clinic\framework\web\CController.php(265): ListorderController->runActionWithFilters()
#7 C:\xampp\htdocs\mini-clinic\framework\web\CWebApplication.php(282): ListorderController->run()
#8 C:\xampp\htdocs\mini-clinic\framework\web\CWebApplication.php(141): CWebApplication->runController()
#9 C:\xampp\htdocs\mini-clinic\framework\base\CApplication.php(180): CWebApplication->processRequest()
#10 C:\xampp\htdocs\mini-clinic\index.php(15): CWebApplication->run()
REQUEST_URI=/mini-clinic/index.php?r=listorder/save
in C:\xampp\htdocs\mini-clinic\protected\controllers\ListorderController.php (165)
in C:\xampp\htdocs\mini-clinic\index.php (15)
2021/01/21 01:31:59 [error] [php] Undefined variable: sumAll (C:\xampp\htdocs\mini-clinic\protected\views\orders\listdata.php:36)
Stack trace:
#0 C:\xampp\htdocs\mini-clinic\framework\web\CController.php(869): OrdersController->renderFile()
#1 C:\xampp\htdocs\mini-clinic\protected\controllers\OrdersController.php(227): OrdersController->renderPartial()
#2 C:\xampp\htdocs\mini-clinic\framework\web\actions\CInlineAction.php(49): OrdersController->actionLoaddata()
#3 C:\xampp\htdocs\mini-clinic\framework\web\CController.php(308): CInlineAction->runWithParams()
#4 C:\xampp\htdocs\mini-clinic\framework\web\filters\CFilterChain.php(133): OrdersController->runAction()
#5 C:\xampp\htdocs\mini-clinic\framework\web\filters\CFilter.php(40): CFilterChain->run()
#6 C:\xampp\htdocs\mini-clinic\framework\web\CController.php(1145): CAccessControlFilter->filter()
#7 C:\xampp\htdocs\mini-clinic\framework\web\filters\CInlineFilter.php(58): OrdersController->filterAccessControl()
#8 C:\xampp\htdocs\mini-clinic\framework\web\filters\CFilterChain.php(130): CInlineFilter->filter()
#9 C:\xampp\htdocs\mini-clinic\framework\web\CController.php(291): CFilterChain->run()
#10 C:\xampp\htdocs\mini-clinic\framework\web\CController.php(265): OrdersController->runActionWithFilters()
#11 C:\xampp\htdocs\mini-clinic\framework\web\CWebApplication.php(282): OrdersController->run()
#12 C:\xampp\htdocs\mini-clinic\framework\web\CWebApplication.php(141): CWebApplication->runController()
#13 C:\xampp\htdocs\mini-clinic\framework\base\CApplication.php(180): CWebApplication->processRequest()
#14 C:\xampp\htdocs\mini-clinic\index.php(15): CWebApplication->run()
REQUEST_URI=/mini-clinic/index.php?r=orders/loaddata
in C:\xampp\htdocs\mini-clinic\protected\views\orders\listdata.php (36)
in C:\xampp\htdocs\mini-clinic\protected\controllers\OrdersController.php (227)
in C:\xampp\htdocs\mini-clinic\index.php (15)
2021/01/21 02:42:56 [error] [php] Undefined variable: taxresult (C:\xampp\htdocs\mini-clinic\protected\views\orders\listdata.php:98)
Stack trace:
#0 C:\xampp\htdocs\mini-clinic\framework\web\CController.php(869): OrdersController->renderFile()
#1 C:\xampp\htdocs\mini-clinic\protected\controllers\OrdersController.php(229): OrdersController->renderPartial()
#2 C:\xampp\htdocs\mini-clinic\framework\web\actions\CInlineAction.php(49): OrdersController->actionLoaddata()
#3 C:\xampp\htdocs\mini-clinic\framework\web\CController.php(308): CInlineAction->runWithParams()
#4 C:\xampp\htdocs\mini-clinic\framework\web\filters\CFilterChain.php(133): OrdersController->runAction()
#5 C:\xampp\htdocs\mini-clinic\framework\web\filters\CFilter.php(40): CFilterChain->run()
#6 C:\xampp\htdocs\mini-clinic\framework\web\CController.php(1145): CAccessControlFilter->filter()
#7 C:\xampp\htdocs\mini-clinic\framework\web\filters\CInlineFilter.php(58): OrdersController->filterAccessControl()
#8 C:\xampp\htdocs\mini-clinic\framework\web\filters\CFilterChain.php(130): CInlineFilter->filter()
#9 C:\xampp\htdocs\mini-clinic\framework\web\CController.php(291): CFilterChain->run()
#10 C:\xampp\htdocs\mini-clinic\framework\web\CController.php(265): OrdersController->runActionWithFilters()
#11 C:\xampp\htdocs\mini-clinic\framework\web\CWebApplication.php(282): OrdersController->run()
#12 C:\xampp\htdocs\mini-clinic\framework\web\CWebApplication.php(141): CWebApplication->runController()
#13 C:\xampp\htdocs\mini-clinic\framework\base\CApplication.php(180): CWebApplication->processRequest()
#14 C:\xampp\htdocs\mini-clinic\index.php(15): CWebApplication->run()
REQUEST_URI=/mini-clinic/index.php?r=orders/loaddata
in C:\xampp\htdocs\mini-clinic\protected\views\orders\listdata.php (98)
in C:\xampp\htdocs\mini-clinic\protected\controllers\OrdersController.php (229)
in C:\xampp\htdocs\mini-clinic\index.php (15)
2021/01/21 02:59:12 [error] [php] A non-numeric value encountered (C:\xampp\htdocs\mini-clinic\protected\views\orders\listdata.php:119)
Stack trace:
#0 C:\xampp\htdocs\mini-clinic\framework\web\CController.php(869): OrdersController->renderFile()
#1 C:\xampp\htdocs\mini-clinic\protected\controllers\OrdersController.php(229): OrdersController->renderPartial()
#2 C:\xampp\htdocs\mini-clinic\framework\web\actions\CInlineAction.php(49): OrdersController->actionLoaddata()
#3 C:\xampp\htdocs\mini-clinic\framework\web\CController.php(308): CInlineAction->runWithParams()
#4 C:\xampp\htdocs\mini-clinic\framework\web\filters\CFilterChain.php(133): OrdersController->runAction()
#5 C:\xampp\htdocs\mini-clinic\framework\web\filters\CFilter.php(40): CFilterChain->run()
#6 C:\xampp\htdocs\mini-clinic\framework\web\CController.php(1145): CAccessControlFilter->filter()
#7 C:\xampp\htdocs\mini-clinic\framework\web\filters\CInlineFilter.php(58): OrdersController->filterAccessControl()
#8 C:\xampp\htdocs\mini-clinic\framework\web\filters\CFilterChain.php(130): CInlineFilter->filter()
#9 C:\xampp\htdocs\mini-clinic\framework\web\CController.php(291): CFilterChain->run()
#10 C:\xampp\htdocs\mini-clinic\framework\web\CController.php(265): OrdersController->runActionWithFilters()
#11 C:\xampp\htdocs\mini-clinic\framework\web\CWebApplication.php(282): OrdersController->run()
#12 C:\xampp\htdocs\mini-clinic\framework\web\CWebApplication.php(141): CWebApplication->runController()
#13 C:\xampp\htdocs\mini-clinic\framework\base\CApplication.php(180): CWebApplication->processRequest()
#14 C:\xampp\htdocs\mini-clinic\index.php(15): CWebApplication->run()
REQUEST_URI=/mini-clinic/index.php?r=orders/loaddata
in C:\xampp\htdocs\mini-clinic\protected\views\orders\listdata.php (119)
in C:\xampp\htdocs\mini-clinic\protected\controllers\OrdersController.php (229)
in C:\xampp\htdocs\mini-clinic\index.php (15)
2021/01/21 02:59:25 [error] [php] A non-numeric value encountered (C:\xampp\htdocs\mini-clinic\protected\views\orders\listdata.php:119)
Stack trace:
#0 C:\xampp\htdocs\mini-clinic\framework\web\CController.php(869): OrdersController->renderFile()
#1 C:\xampp\htdocs\mini-clinic\protected\controllers\OrdersController.php(229): OrdersController->renderPartial()
#2 C:\xampp\htdocs\mini-clinic\framework\web\actions\CInlineAction.php(49): OrdersController->actionLoaddata()
#3 C:\xampp\htdocs\mini-clinic\framework\web\CController.php(308): CInlineAction->runWithParams()
#4 C:\xampp\htdocs\mini-clinic\framework\web\filters\CFilterChain.php(133): OrdersController->runAction()
#5 C:\xampp\htdocs\mini-clinic\framework\web\filters\CFilter.php(40): CFilterChain->run()
#6 C:\xampp\htdocs\mini-clinic\framework\web\CController.php(1145): CAccessControlFilter->filter()
#7 C:\xampp\htdocs\mini-clinic\framework\web\filters\CInlineFilter.php(58): OrdersController->filterAccessControl()
#8 C:\xampp\htdocs\mini-clinic\framework\web\filters\CFilterChain.php(130): CInlineFilter->filter()
#9 C:\xampp\htdocs\mini-clinic\framework\web\CController.php(291): CFilterChain->run()
#10 C:\xampp\htdocs\mini-clinic\framework\web\CController.php(265): OrdersController->runActionWithFilters()
#11 C:\xampp\htdocs\mini-clinic\framework\web\CWebApplication.php(282): OrdersController->run()
#12 C:\xampp\htdocs\mini-clinic\framework\web\CWebApplication.php(141): CWebApplication->runController()
#13 C:\xampp\htdocs\mini-clinic\framework\base\CApplication.php(180): CWebApplication->processRequest()
#14 C:\xampp\htdocs\mini-clinic\index.php(15): CWebApplication->run()
REQUEST_URI=/mini-clinic/index.php?r=orders/loaddata
in C:\xampp\htdocs\mini-clinic\protected\views\orders\listdata.php (119)
in C:\xampp\htdocs\mini-clinic\protected\controllers\OrdersController.php (229)
in C:\xampp\htdocs\mini-clinic\index.php (15)
2021/01/21 02:59:52 [error] [php] Undefined variable: taxresult (C:\xampp\htdocs\mini-clinic\protected\views\orders\listdata.php:106)
Stack trace:
#0 C:\xampp\htdocs\mini-clinic\framework\web\CController.php(869): OrdersController->renderFile()
#1 C:\xampp\htdocs\mini-clinic\protected\controllers\OrdersController.php(229): OrdersController->renderPartial()
#2 C:\xampp\htdocs\mini-clinic\framework\web\actions\CInlineAction.php(49): OrdersController->actionLoaddata()
#3 C:\xampp\htdocs\mini-clinic\framework\web\CController.php(308): CInlineAction->runWithParams()
#4 C:\xampp\htdocs\mini-clinic\framework\web\filters\CFilterChain.php(133): OrdersController->runAction()
#5 C:\xampp\htdocs\mini-clinic\framework\web\filters\CFilter.php(40): CFilterChain->run()
#6 C:\xampp\htdocs\mini-clinic\framework\web\CController.php(1145): CAccessControlFilter->filter()
#7 C:\xampp\htdocs\mini-clinic\framework\web\filters\CInlineFilter.php(58): OrdersController->filterAccessControl()
#8 C:\xampp\htdocs\mini-clinic\framework\web\filters\CFilterChain.php(130): CInlineFilter->filter()
#9 C:\xampp\htdocs\mini-clinic\framework\web\CController.php(291): CFilterChain->run()
#10 C:\xampp\htdocs\mini-clinic\framework\web\CController.php(265): OrdersController->runActionWithFilters()
#11 C:\xampp\htdocs\mini-clinic\framework\web\CWebApplication.php(282): OrdersController->run()
#12 C:\xampp\htdocs\mini-clinic\framework\web\CWebApplication.php(141): CWebApplication->runController()
#13 C:\xampp\htdocs\mini-clinic\framework\base\CApplication.php(180): CWebApplication->processRequest()
#14 C:\xampp\htdocs\mini-clinic\index.php(15): CWebApplication->run()
REQUEST_URI=/mini-clinic/index.php?r=orders/loaddata
in C:\xampp\htdocs\mini-clinic\protected\views\orders\listdata.php (106)
in C:\xampp\htdocs\mini-clinic\protected\controllers\OrdersController.php (229)
in C:\xampp\htdocs\mini-clinic\index.php (15)
2021/01/21 03:00:34 [error] [php] A non-numeric value encountered (C:\xampp\htdocs\mini-clinic\protected\views\orders\listdata.php:120)
Stack trace:
#0 C:\xampp\htdocs\mini-clinic\framework\web\CController.php(869): OrdersController->renderFile()
#1 C:\xampp\htdocs\mini-clinic\protected\controllers\OrdersController.php(229): OrdersController->renderPartial()
#2 C:\xampp\htdocs\mini-clinic\framework\web\actions\CInlineAction.php(49): OrdersController->actionLoaddata()
#3 C:\xampp\htdocs\mini-clinic\framework\web\CController.php(308): CInlineAction->runWithParams()
#4 C:\xampp\htdocs\mini-clinic\framework\web\filters\CFilterChain.php(133): OrdersController->runAction()
#5 C:\xampp\htdocs\mini-clinic\framework\web\filters\CFilter.php(40): CFilterChain->run()
#6 C:\xampp\htdocs\mini-clinic\framework\web\CController.php(1145): CAccessControlFilter->filter()
#7 C:\xampp\htdocs\mini-clinic\framework\web\filters\CInlineFilter.php(58): OrdersController->filterAccessControl()
#8 C:\xampp\htdocs\mini-clinic\framework\web\filters\CFilterChain.php(130): CInlineFilter->filter()
#9 C:\xampp\htdocs\mini-clinic\framework\web\CController.php(291): CFilterChain->run()
#10 C:\xampp\htdocs\mini-clinic\framework\web\CController.php(265): OrdersController->runActionWithFilters()
#11 C:\xampp\htdocs\mini-clinic\framework\web\CWebApplication.php(282): OrdersController->run()
#12 C:\xampp\htdocs\mini-clinic\framework\web\CWebApplication.php(141): CWebApplication->runController()
#13 C:\xampp\htdocs\mini-clinic\framework\base\CApplication.php(180): CWebApplication->processRequest()
#14 C:\xampp\htdocs\mini-clinic\index.php(15): CWebApplication->run()
REQUEST_URI=/mini-clinic/index.php?r=orders/loaddata
in C:\xampp\htdocs\mini-clinic\protected\views\orders\listdata.php (120)
in C:\xampp\htdocs\mini-clinic\protected\controllers\OrdersController.php (229)
in C:\xampp\htdocs\mini-clinic\index.php (15)
